2020-06-19 16:18:11 [pool-7-thread-1] WARN  jul - Notification threw an exception: {
  "jsonrpc": "2.0",
  "method": "textDocument/publishDiagnostics",
  "params": {
    "uri": "file:///C:/Users/magic/OneDrive/Desktop/esdebitami/esdemibami_retake_ticket/src/main/java/it/esdebitamiretake/retake_ticket/collection/TemplateType.java",
    "diagnostics": []
  }
}
java.lang.RuntimeException: java.lang.reflect.InvocationTargetException
	at org.eclipse.lsp4j.jsonrpc.services.GenericEndpoint.lambda$null$0(GenericEndpoint.java:67)
	at org.eclipse.lsp4j.jsonrpc.services.GenericEndpoint.notify(GenericEndpoint.java:152)
	at org.eclipse.lsp4j.jsonrpc.RemoteEndpoint.handleNotification(RemoteEndpoint.java:220)
	at org.eclipse.lsp4j.jsonrpc.RemoteEndpoint.consume(RemoteEndpoint.java:187)
	at org.eclipse.lsp4e.LanguageServerWrapper.lambda$1(LanguageServerWrapper.java:245)
	at org.eclipse.lsp4j.jsonrpc.json.StreamMessageProducer.handleMessage(StreamMessageProducer.java:194)
	at org.eclipse.lsp4j.jsonrpc.json.StreamMessageProducer.listen(StreamMessageProducer.java:94)
	at org.eclipse.lsp4j.jsonrpc.json.ConcurrentMessageProcessor.run(ConcurrentMessageProcessor.java:113)
	at java.util.concurrent.Executors$RunnableAdapter.call(Executors.java:511)
	at java.util.concurrent.FutureTask.run(FutureTask.java:266)
	at java.util.concurrent.ThreadPoolExecutor.runWorker(ThreadPoolExecutor.java:1149)
	at java.util.concurrent.ThreadPoolExecutor$Worker.run(ThreadPoolExecutor.java:624)
	at java.lang.Thread.run(Thread.java:748)
Caused by: java.lang.reflect.InvocationTargetException: null
	at sun.reflect.GeneratedMethodAccessor96.invoke(Unknown Source)
	at sun.reflect.DelegatingMethodAccessorImpl.invoke(DelegatingMethodAccessorImpl.java:43)
	at java.lang.reflect.Method.invoke(Method.java:498)
	at org.eclipse.lsp4j.jsonrpc.services.GenericEndpoint.lambda$null$0(GenericEndpoint.java:65)
	... 12 common frames omitted
Caused by: org.eclipse.core.runtime.OperationCanceledException: null
	at org.eclipse.core.internal.jobs.ThreadJob.waitForRun(ThreadJob.java:278)
	at org.eclipse.core.internal.jobs.ThreadJob.joinRun(ThreadJob.java:205)
	at org.eclipse.core.internal.jobs.ImplicitJobs.begin(ImplicitJobs.java:95)
	at org.eclipse.core.internal.jobs.JobManager.beginRule(JobManager.java:297)
	at org.eclipse.core.internal.resources.WorkManager.checkIn(WorkManager.java:124)
	at org.eclipse.core.internal.resources.Workspace.prepareOperation(Workspace.java:2243)
	at org.eclipse.core.internal.resources.Workspace.run(Workspace.java:2290)
	at org.eclipse.core.internal.resources.Workspace.run(Workspace.java:2317)
	at org.eclipse.lsp4e.operations.diagnostics.LSPDiagnosticsToMarkers.updateMarkers(LSPDiagnosticsToMarkers.java:162)
	at org.eclipse.lsp4e.operations.diagnostics.LSPDiagnosticsToMarkers.accept(LSPDiagnosticsToMarkers.java:83)
	at org.eclipse.lsp4e.LanguageClientImpl.publishDiagnostics(LanguageClientImpl.java:72)
	... 16 common frames omitted
2020-06-19 16:30:51 [pool-19-thread-1] WARN  jul - Notification threw an exception: {
  "jsonrpc": "2.0",
  "method": "textDocument/publishDiagnostics",
  "params": {
    "uri": "file:///C:/Users/magic/OneDrive/Desktop/esdebitami/esdemibami_retake_ticket/src/main/java/it/esdebitamiretake/retake_ticket/repo/SurveyRepository.java",
    "diagnostics": []
  }
}
java.lang.RuntimeException: java.lang.reflect.InvocationTargetException
	at org.eclipse.lsp4j.jsonrpc.services.GenericEndpoint.lambda$null$0(GenericEndpoint.java:67)
	at org.eclipse.lsp4j.jsonrpc.services.GenericEndpoint.notify(GenericEndpoint.java:152)
	at org.eclipse.lsp4j.jsonrpc.RemoteEndpoint.handleNotification(RemoteEndpoint.java:220)
	at org.eclipse.lsp4j.jsonrpc.RemoteEndpoint.consume(RemoteEndpoint.java:187)
	at org.eclipse.lsp4e.LanguageServerWrapper.lambda$1(LanguageServerWrapper.java:245)
	at org.eclipse.lsp4j.jsonrpc.json.StreamMessageProducer.handleMessage(StreamMessageProducer.java:194)
	at org.eclipse.lsp4j.jsonrpc.json.StreamMessageProducer.listen(StreamMessageProducer.java:94)
	at org.eclipse.lsp4j.jsonrpc.json.ConcurrentMessageProcessor.run(ConcurrentMessageProcessor.java:113)
	at java.util.concurrent.Executors$RunnableAdapter.call(Executors.java:511)
	at java.util.concurrent.FutureTask.run(FutureTask.java:266)
	at java.util.concurrent.ThreadPoolExecutor.runWorker(ThreadPoolExecutor.java:1149)
	at java.util.concurrent.ThreadPoolExecutor$Worker.run(ThreadPoolExecutor.java:624)
	at java.lang.Thread.run(Thread.java:748)
Caused by: java.lang.reflect.InvocationTargetException: null
	at sun.reflect.GeneratedMethodAccessor96.invoke(Unknown Source)
	at sun.reflect.DelegatingMethodAccessorImpl.invoke(DelegatingMethodAccessorImpl.java:43)
	at java.lang.reflect.Method.invoke(Method.java:498)
	at org.eclipse.lsp4j.jsonrpc.services.GenericEndpoint.lambda$null$0(GenericEndpoint.java:65)
	... 12 common frames omitted
Caused by: org.eclipse.core.runtime.OperationCanceledException: null
	at org.eclipse.core.internal.jobs.ThreadJob.waitForRun(ThreadJob.java:278)
	at org.eclipse.core.internal.jobs.ThreadJob.joinRun(ThreadJob.java:205)
	at org.eclipse.core.internal.jobs.ImplicitJobs.begin(ImplicitJobs.java:95)
	at org.eclipse.core.internal.jobs.JobManager.beginRule(JobManager.java:297)
	at org.eclipse.core.internal.resources.WorkManager.checkIn(WorkManager.java:124)
	at org.eclipse.core.internal.resources.Workspace.prepareOperation(Workspace.java:2243)
	at org.eclipse.core.internal.resources.Workspace.run(Workspace.java:2290)
	at org.eclipse.core.internal.resources.Workspace.run(Workspace.java:2317)
	at org.eclipse.lsp4e.operations.diagnostics.LSPDiagnosticsToMarkers.updateMarkers(LSPDiagnosticsToMarkers.java:162)
	at org.eclipse.lsp4e.operations.diagnostics.LSPDiagnosticsToMarkers.accept(LSPDiagnosticsToMarkers.java:83)
	at org.eclipse.lsp4e.LanguageClientImpl.publishDiagnostics(LanguageClientImpl.java:72)
	... 16 common frames omitted
2020-06-19 16:42:10 [pool-30-thread-1] WARN  jul - Notification threw an exception: {
  "jsonrpc": "2.0",
  "method": "textDocument/publishDiagnostics",
  "params": {
    "uri": "file:///C:/Users/magic/OneDrive/Desktop/esdebitami/esdemibami_retake_ticket/src/main/java/it/esdebitamiretake/retake_ticket/controller/UserController.java",
    "diagnostics": []
  }
}
java.lang.RuntimeException: java.lang.reflect.InvocationTargetException
	at org.eclipse.lsp4j.jsonrpc.services.GenericEndpoint.lambda$null$0(GenericEndpoint.java:67)
	at org.eclipse.lsp4j.jsonrpc.services.GenericEndpoint.notify(GenericEndpoint.java:152)
	at org.eclipse.lsp4j.jsonrpc.RemoteEndpoint.handleNotification(RemoteEndpoint.java:220)
	at org.eclipse.lsp4j.jsonrpc.RemoteEndpoint.consume(RemoteEndpoint.java:187)
	at org.eclipse.lsp4e.LanguageServerWrapper.lambda$1(LanguageServerWrapper.java:245)
	at org.eclipse.lsp4j.jsonrpc.json.StreamMessageProducer.handleMessage(StreamMessageProducer.java:194)
	at org.eclipse.lsp4j.jsonrpc.json.StreamMessageProducer.listen(StreamMessageProducer.java:94)
	at org.eclipse.lsp4j.jsonrpc.json.ConcurrentMessageProcessor.run(ConcurrentMessageProcessor.java:113)
	at java.util.concurrent.Executors$RunnableAdapter.call(Executors.java:511)
	at java.util.concurrent.FutureTask.run(FutureTask.java:266)
	at java.util.concurrent.ThreadPoolExecutor.runWorker(ThreadPoolExecutor.java:1149)
	at java.util.concurrent.ThreadPoolExecutor$Worker.run(ThreadPoolExecutor.java:624)
	at java.lang.Thread.run(Thread.java:748)
Caused by: java.lang.reflect.InvocationTargetException: null
	at sun.reflect.GeneratedMethodAccessor96.invoke(Unknown Source)
	at sun.reflect.DelegatingMethodAccessorImpl.invoke(DelegatingMethodAccessorImpl.java:43)
	at java.lang.reflect.Method.invoke(Method.java:498)
	at org.eclipse.lsp4j.jsonrpc.services.GenericEndpoint.lambda$null$0(GenericEndpoint.java:65)
	... 12 common frames omitted
Caused by: org.eclipse.core.runtime.OperationCanceledException: null
	at org.eclipse.core.internal.jobs.ThreadJob.waitForRun(ThreadJob.java:278)
	at org.eclipse.core.internal.jobs.ThreadJob.joinRun(ThreadJob.java:205)
	at org.eclipse.core.internal.jobs.ImplicitJobs.begin(ImplicitJobs.java:95)
	at org.eclipse.core.internal.jobs.JobManager.beginRule(JobManager.java:297)
	at org.eclipse.core.internal.resources.WorkManager.checkIn(WorkManager.java:124)
	at org.eclipse.core.internal.resources.Workspace.prepareOperation(Workspace.java:2243)
	at org.eclipse.core.internal.resources.Workspace.run(Workspace.java:2290)
	at org.eclipse.core.internal.resources.Workspace.run(Workspace.java:2317)
	at org.eclipse.lsp4e.operations.diagnostics.LSPDiagnosticsToMarkers.updateMarkers(LSPDiagnosticsToMarkers.java:162)
	at org.eclipse.lsp4e.operations.diagnostics.LSPDiagnosticsToMarkers.accept(LSPDiagnosticsToMarkers.java:83)
	at org.eclipse.lsp4e.LanguageClientImpl.publishDiagnostics(LanguageClientImpl.java:72)
	... 16 common frames omitted
2020-06-19 16:43:54 [pool-31-thread-1] WARN  jul - Notification threw an exception: {
  "jsonrpc": "2.0",
  "method": "textDocument/publishDiagnostics",
  "params": {
    "uri": "file:///C:/Users/magic/OneDrive/Desktop/esdebitami/esdemibami_retake_ticket/src/main/java/it/esdebitamiretake/retake_ticket/controller/UserController.java",
    "diagnostics": []
  }
}
java.lang.RuntimeException: java.lang.reflect.InvocationTargetException
	at org.eclipse.lsp4j.jsonrpc.services.GenericEndpoint.lambda$null$0(GenericEndpoint.java:67)
	at org.eclipse.lsp4j.jsonrpc.services.GenericEndpoint.notify(GenericEndpoint.java:152)
	at org.eclipse.lsp4j.jsonrpc.RemoteEndpoint.handleNotification(RemoteEndpoint.java:220)
	at org.eclipse.lsp4j.jsonrpc.RemoteEndpoint.consume(RemoteEndpoint.java:187)
	at org.eclipse.lsp4e.LanguageServerWrapper.lambda$1(LanguageServerWrapper.java:245)
	at org.eclipse.lsp4j.jsonrpc.json.StreamMessageProducer.handleMessage(StreamMessageProducer.java:194)
	at org.eclipse.lsp4j.jsonrpc.json.StreamMessageProducer.listen(StreamMessageProducer.java:94)
	at org.eclipse.lsp4j.jsonrpc.json.ConcurrentMessageProcessor.run(ConcurrentMessageProcessor.java:113)
	at java.util.concurrent.Executors$RunnableAdapter.call(Executors.java:511)
	at java.util.concurrent.FutureTask.run(FutureTask.java:266)
	at java.util.concurrent.ThreadPoolExecutor.runWorker(ThreadPoolExecutor.java:1149)
	at java.util.concurrent.ThreadPoolExecutor$Worker.run(ThreadPoolExecutor.java:624)
	at java.lang.Thread.run(Thread.java:748)
Caused by: java.lang.reflect.InvocationTargetException: null
	at sun.reflect.GeneratedMethodAccessor96.invoke(Unknown Source)
	at sun.reflect.DelegatingMethodAccessorImpl.invoke(DelegatingMethodAccessorImpl.java:43)
	at java.lang.reflect.Method.invoke(Method.java:498)
	at org.eclipse.lsp4j.jsonrpc.services.GenericEndpoint.lambda$null$0(GenericEndpoint.java:65)
	... 12 common frames omitted
Caused by: org.eclipse.core.runtime.OperationCanceledException: null
	at org.eclipse.core.internal.jobs.ThreadJob.waitForRun(ThreadJob.java:278)
	at org.eclipse.core.internal.jobs.ThreadJob.joinRun(ThreadJob.java:205)
	at org.eclipse.core.internal.jobs.ImplicitJobs.begin(ImplicitJobs.java:95)
	at org.eclipse.core.internal.jobs.JobManager.beginRule(JobManager.java:297)
	at org.eclipse.core.internal.resources.WorkManager.checkIn(WorkManager.java:124)
	at org.eclipse.core.internal.resources.Workspace.prepareOperation(Workspace.java:2243)
	at org.eclipse.core.internal.resources.Workspace.run(Workspace.java:2290)
	at org.eclipse.core.internal.resources.Workspace.run(Workspace.java:2317)
	at org.eclipse.lsp4e.operations.diagnostics.LSPDiagnosticsToMarkers.updateMarkers(LSPDiagnosticsToMarkers.java:162)
	at org.eclipse.lsp4e.operations.diagnostics.LSPDiagnosticsToMarkers.accept(LSPDiagnosticsToMarkers.java:83)
	at org.eclipse.lsp4e.LanguageClientImpl.publishDiagnostics(LanguageClientImpl.java:72)
	... 16 common frames omitted
2020-06-19 16:45:43 [pool-32-thread-1] WARN  jul - Notification threw an exception: {
  "jsonrpc": "2.0",
  "method": "textDocument/publishDiagnostics",
  "params": {
    "uri": "file:///C:/Users/magic/OneDrive/Desktop/esdebitami/esdemibami_retake_ticket/src/main/java/it/esdebitamiretake/retake_ticket/service/UserService.java",
    "diagnostics": []
  }
}
java.lang.RuntimeException: java.lang.reflect.InvocationTargetException
	at org.eclipse.lsp4j.jsonrpc.services.GenericEndpoint.lambda$null$0(GenericEndpoint.java:67)
	at org.eclipse.lsp4j.jsonrpc.services.GenericEndpoint.notify(GenericEndpoint.java:152)
	at org.eclipse.lsp4j.jsonrpc.RemoteEndpoint.handleNotification(RemoteEndpoint.java:220)
	at org.eclipse.lsp4j.jsonrpc.RemoteEndpoint.consume(RemoteEndpoint.java:187)
	at org.eclipse.lsp4e.LanguageServerWrapper.lambda$1(LanguageServerWrapper.java:245)
	at org.eclipse.lsp4j.jsonrpc.json.StreamMessageProducer.handleMessage(StreamMessageProducer.java:194)
	at org.eclipse.lsp4j.jsonrpc.json.StreamMessageProducer.listen(StreamMessageProducer.java:94)
	at org.eclipse.lsp4j.jsonrpc.json.ConcurrentMessageProcessor.run(ConcurrentMessageProcessor.java:113)
	at java.util.concurrent.Executors$RunnableAdapter.call(Executors.java:511)
	at java.util.concurrent.FutureTask.run(FutureTask.java:266)
	at java.util.concurrent.ThreadPoolExecutor.runWorker(ThreadPoolExecutor.java:1149)
	at java.util.concurrent.ThreadPoolExecutor$Worker.run(ThreadPoolExecutor.java:624)
	at java.lang.Thread.run(Thread.java:748)
Caused by: java.lang.reflect.InvocationTargetException: null
	at sun.reflect.GeneratedMethodAccessor96.invoke(Unknown Source)
	at sun.reflect.DelegatingMethodAccessorImpl.invoke(DelegatingMethodAccessorImpl.java:43)
	at java.lang.reflect.Method.invoke(Method.java:498)
	at org.eclipse.lsp4j.jsonrpc.services.GenericEndpoint.lambda$null$0(GenericEndpoint.java:65)
	... 12 common frames omitted
Caused by: org.eclipse.core.runtime.OperationCanceledException: null
	at org.eclipse.core.internal.jobs.ThreadJob.waitForRun(ThreadJob.java:278)
	at org.eclipse.core.internal.jobs.ThreadJob.joinRun(ThreadJob.java:205)
	at org.eclipse.core.internal.jobs.ImplicitJobs.begin(ImplicitJobs.java:95)
	at org.eclipse.core.internal.jobs.JobManager.beginRule(JobManager.java:297)
	at org.eclipse.core.internal.resources.WorkManager.checkIn(WorkManager.java:124)
	at org.eclipse.core.internal.resources.Workspace.prepareOperation(Workspace.java:2243)
	at org.eclipse.core.internal.resources.Workspace.run(Workspace.java:2290)
	at org.eclipse.core.internal.resources.Workspace.run(Workspace.java:2317)
	at org.eclipse.lsp4e.operations.diagnostics.LSPDiagnosticsToMarkers.updateMarkers(LSPDiagnosticsToMarkers.java:162)
	at org.eclipse.lsp4e.operations.diagnostics.LSPDiagnosticsToMarkers.accept(LSPDiagnosticsToMarkers.java:83)
	at org.eclipse.lsp4e.LanguageClientImpl.publishDiagnostics(LanguageClientImpl.java:72)
	... 16 common frames omitted
2020-06-23 09:33:39 [pool-7-thread-1] WARN  jul - Notification threw an exception: {
  "jsonrpc": "2.0",
  "method": "textDocument/publishDiagnostics",
  "params": {
    "uri": "file:///C:/Users/magic/OneDrive/Desktop/esdebitami/esdemibami_retake_report/src/main/java/it/esdebitamiretake/retake_report/SpringBootApp.java",
    "diagnostics": []
  }
}
java.lang.RuntimeException: java.lang.reflect.InvocationTargetException
	at org.eclipse.lsp4j.jsonrpc.services.GenericEndpoint.lambda$null$0(GenericEndpoint.java:67)
	at org.eclipse.lsp4j.jsonrpc.services.GenericEndpoint.notify(GenericEndpoint.java:152)
	at org.eclipse.lsp4j.jsonrpc.RemoteEndpoint.handleNotification(RemoteEndpoint.java:220)
	at org.eclipse.lsp4j.jsonrpc.RemoteEndpoint.consume(RemoteEndpoint.java:187)
	at org.eclipse.lsp4e.LanguageServerWrapper.lambda$1(LanguageServerWrapper.java:245)
	at org.eclipse.lsp4j.jsonrpc.json.StreamMessageProducer.handleMessage(StreamMessageProducer.java:194)
	at org.eclipse.lsp4j.jsonrpc.json.StreamMessageProducer.listen(StreamMessageProducer.java:94)
	at org.eclipse.lsp4j.jsonrpc.json.ConcurrentMessageProcessor.run(ConcurrentMessageProcessor.java:113)
	at java.util.concurrent.Executors$RunnableAdapter.call(Executors.java:511)
	at java.util.concurrent.FutureTask.run(FutureTask.java:266)
	at java.util.concurrent.ThreadPoolExecutor.runWorker(ThreadPoolExecutor.java:1149)
	at java.util.concurrent.ThreadPoolExecutor$Worker.run(ThreadPoolExecutor.java:624)
	at java.lang.Thread.run(Thread.java:748)
Caused by: java.lang.reflect.InvocationTargetException: null
	at sun.reflect.NativeMethodAccessorImpl.invoke0(Native Method)
	at sun.reflect.NativeMethodAccessorImpl.invoke(NativeMethodAccessorImpl.java:62)
	at sun.reflect.DelegatingMethodAccessorImpl.invoke(DelegatingMethodAccessorImpl.java:43)
	at java.lang.reflect.Method.invoke(Method.java:498)
	at org.eclipse.lsp4j.jsonrpc.services.GenericEndpoint.lambda$null$0(GenericEndpoint.java:65)
	... 12 common frames omitted
Caused by: org.eclipse.core.runtime.OperationCanceledException: null
	at org.eclipse.core.internal.jobs.ThreadJob.waitForRun(ThreadJob.java:278)
	at org.eclipse.core.internal.jobs.ThreadJob.joinRun(ThreadJob.java:205)
	at org.eclipse.core.internal.jobs.ImplicitJobs.begin(ImplicitJobs.java:95)
	at org.eclipse.core.internal.jobs.JobManager.beginRule(JobManager.java:297)
	at org.eclipse.core.internal.resources.WorkManager.checkIn(WorkManager.java:124)
	at org.eclipse.core.internal.resources.Workspace.prepareOperation(Workspace.java:2243)
	at org.eclipse.core.internal.resources.Workspace.run(Workspace.java:2290)
	at org.eclipse.core.internal.resources.Workspace.run(Workspace.java:2317)
	at org.eclipse.lsp4e.operations.diagnostics.LSPDiagnosticsToMarkers.updateMarkers(LSPDiagnosticsToMarkers.java:162)
	at org.eclipse.lsp4e.operations.diagnostics.LSPDiagnosticsToMarkers.accept(LSPDiagnosticsToMarkers.java:83)
	at org.eclipse.lsp4e.LanguageClientImpl.publishDiagnostics(LanguageClientImpl.java:72)
	... 17 common frames omitted
2020-06-23 10:22:38 [pool-15-thread-1] WARN  jul - Notification threw an exception: {
  "jsonrpc": "2.0",
  "method": "textDocument/publishDiagnostics",
  "params": {
    "uri": "file:///C:/Users/magic/OneDrive/Desktop/esdebitami/retake_ai/src/main/java/it/esdebitamiretake/retake_ai/controller/BaseController.java",
    "diagnostics": []
  }
}
java.lang.RuntimeException: java.lang.reflect.InvocationTargetException
	at org.eclipse.lsp4j.jsonrpc.services.GenericEndpoint.lambda$null$0(GenericEndpoint.java:67)
	at org.eclipse.lsp4j.jsonrpc.services.GenericEndpoint.notify(GenericEndpoint.java:152)
	at org.eclipse.lsp4j.jsonrpc.RemoteEndpoint.handleNotification(RemoteEndpoint.java:220)
	at org.eclipse.lsp4j.jsonrpc.RemoteEndpoint.consume(RemoteEndpoint.java:187)
	at org.eclipse.lsp4e.LanguageServerWrapper.lambda$1(LanguageServerWrapper.java:245)
	at org.eclipse.lsp4j.jsonrpc.json.StreamMessageProducer.handleMessage(StreamMessageProducer.java:194)
	at org.eclipse.lsp4j.jsonrpc.json.StreamMessageProducer.listen(StreamMessageProducer.java:94)
	at org.eclipse.lsp4j.jsonrpc.json.ConcurrentMessageProcessor.run(ConcurrentMessageProcessor.java:113)
	at java.util.concurrent.Executors$RunnableAdapter.call(Executors.java:511)
	at java.util.concurrent.FutureTask.run(FutureTask.java:266)
	at java.util.concurrent.ThreadPoolExecutor.runWorker(ThreadPoolExecutor.java:1149)
	at java.util.concurrent.ThreadPoolExecutor$Worker.run(ThreadPoolExecutor.java:624)
	at java.lang.Thread.run(Thread.java:748)
Caused by: java.lang.reflect.InvocationTargetException: null
	at sun.reflect.GeneratedMethodAccessor125.invoke(Unknown Source)
	at sun.reflect.DelegatingMethodAccessorImpl.invoke(DelegatingMethodAccessorImpl.java:43)
	at java.lang.reflect.Method.invoke(Method.java:498)
	at org.eclipse.lsp4j.jsonrpc.services.GenericEndpoint.lambda$null$0(GenericEndpoint.java:65)
	... 12 common frames omitted
Caused by: org.eclipse.core.runtime.OperationCanceledException: null
	at org.eclipse.core.internal.jobs.ThreadJob.waitForRun(ThreadJob.java:278)
	at org.eclipse.core.internal.jobs.ThreadJob.joinRun(ThreadJob.java:205)
	at org.eclipse.core.internal.jobs.ImplicitJobs.begin(ImplicitJobs.java:95)
	at org.eclipse.core.internal.jobs.JobManager.beginRule(JobManager.java:297)
	at org.eclipse.core.internal.resources.WorkManager.checkIn(WorkManager.java:124)
	at org.eclipse.core.internal.resources.Workspace.prepareOperation(Workspace.java:2243)
	at org.eclipse.core.internal.resources.Workspace.run(Workspace.java:2290)
	at org.eclipse.core.internal.resources.Workspace.run(Workspace.java:2317)
	at org.eclipse.lsp4e.operations.diagnostics.LSPDiagnosticsToMarkers.updateMarkers(LSPDiagnosticsToMarkers.java:162)
	at org.eclipse.lsp4e.operations.diagnostics.LSPDiagnosticsToMarkers.accept(LSPDiagnosticsToMarkers.java:83)
	at org.eclipse.lsp4e.LanguageClientImpl.publishDiagnostics(LanguageClientImpl.java:72)
	... 16 common frames omitted
2020-06-23 10:22:58 [pool-16-thread-1] WARN  jul - Notification threw an exception: {
  "jsonrpc": "2.0",
  "method": "textDocument/publishDiagnostics",
  "params": {
    "uri": "file:///C:/Users/magic/OneDrive/Desktop/esdebitami/retake_ai/src/main/java/it/esdebitamiretake/retake_ai/controller/dataset/ResourceNotFoundException.java",
    "diagnostics": []
  }
}
java.lang.RuntimeException: java.lang.reflect.InvocationTargetException
	at org.eclipse.lsp4j.jsonrpc.services.GenericEndpoint.lambda$null$0(GenericEndpoint.java:67)
	at org.eclipse.lsp4j.jsonrpc.services.GenericEndpoint.notify(GenericEndpoint.java:152)
	at org.eclipse.lsp4j.jsonrpc.RemoteEndpoint.handleNotification(RemoteEndpoint.java:220)
	at org.eclipse.lsp4j.jsonrpc.RemoteEndpoint.consume(RemoteEndpoint.java:187)
	at org.eclipse.lsp4e.LanguageServerWrapper.lambda$1(LanguageServerWrapper.java:245)
	at org.eclipse.lsp4j.jsonrpc.json.StreamMessageProducer.handleMessage(StreamMessageProducer.java:194)
	at org.eclipse.lsp4j.jsonrpc.json.StreamMessageProducer.listen(StreamMessageProducer.java:94)
	at org.eclipse.lsp4j.jsonrpc.json.ConcurrentMessageProcessor.run(ConcurrentMessageProcessor.java:113)
	at java.util.concurrent.Executors$RunnableAdapter.call(Executors.java:511)
	at java.util.concurrent.FutureTask.run(FutureTask.java:266)
	at java.util.concurrent.ThreadPoolExecutor.runWorker(ThreadPoolExecutor.java:1149)
	at java.util.concurrent.ThreadPoolExecutor$Worker.run(ThreadPoolExecutor.java:624)
	at java.lang.Thread.run(Thread.java:748)
Caused by: java.lang.reflect.InvocationTargetException: null
	at sun.reflect.GeneratedMethodAccessor125.invoke(Unknown Source)
	at sun.reflect.DelegatingMethodAccessorImpl.invoke(DelegatingMethodAccessorImpl.java:43)
	at java.lang.reflect.Method.invoke(Method.java:498)
	at org.eclipse.lsp4j.jsonrpc.services.GenericEndpoint.lambda$null$0(GenericEndpoint.java:65)
	... 12 common frames omitted
Caused by: org.eclipse.core.runtime.OperationCanceledException: null
	at org.eclipse.core.internal.jobs.ThreadJob.waitForRun(ThreadJob.java:278)
	at org.eclipse.core.internal.jobs.ThreadJob.joinRun(ThreadJob.java:205)
	at org.eclipse.core.internal.jobs.ImplicitJobs.begin(ImplicitJobs.java:95)
	at org.eclipse.core.internal.jobs.JobManager.beginRule(JobManager.java:297)
	at org.eclipse.core.internal.resources.WorkManager.checkIn(WorkManager.java:124)
	at org.eclipse.core.internal.resources.Workspace.prepareOperation(Workspace.java:2243)
	at org.eclipse.core.internal.resources.Workspace.run(Workspace.java:2290)
	at org.eclipse.core.internal.resources.Workspace.run(Workspace.java:2317)
	at org.eclipse.lsp4e.operations.diagnostics.LSPDiagnosticsToMarkers.updateMarkers(LSPDiagnosticsToMarkers.java:162)
	at org.eclipse.lsp4e.operations.diagnostics.LSPDiagnosticsToMarkers.accept(LSPDiagnosticsToMarkers.java:83)
	at org.eclipse.lsp4e.LanguageClientImpl.publishDiagnostics(LanguageClientImpl.java:72)
	... 16 common frames omitted
2020-06-23 10:23:20 [pool-17-thread-1] WARN  jul - Notification threw an exception: {
  "jsonrpc": "2.0",
  "method": "textDocument/publishDiagnostics",
  "params": {
    "uri": "file:///C:/Users/magic/OneDrive/Desktop/esdebitami/retake_ai/src/main/java/it/esdebitamiretake/retake_ai/controller/nlp/TemplateTypeInteract.java",
    "diagnostics": []
  }
}
java.lang.RuntimeException: java.lang.reflect.InvocationTargetException
	at org.eclipse.lsp4j.jsonrpc.services.GenericEndpoint.lambda$null$0(GenericEndpoint.java:67)
	at org.eclipse.lsp4j.jsonrpc.services.GenericEndpoint.notify(GenericEndpoint.java:152)
	at org.eclipse.lsp4j.jsonrpc.RemoteEndpoint.handleNotification(RemoteEndpoint.java:220)
	at org.eclipse.lsp4j.jsonrpc.RemoteEndpoint.consume(RemoteEndpoint.java:187)
	at org.eclipse.lsp4e.LanguageServerWrapper.lambda$1(LanguageServerWrapper.java:245)
	at org.eclipse.lsp4j.jsonrpc.json.StreamMessageProducer.handleMessage(StreamMessageProducer.java:194)
	at org.eclipse.lsp4j.jsonrpc.json.StreamMessageProducer.listen(StreamMessageProducer.java:94)
	at org.eclipse.lsp4j.jsonrpc.json.ConcurrentMessageProcessor.run(ConcurrentMessageProcessor.java:113)
	at java.util.concurrent.Executors$RunnableAdapter.call(Executors.java:511)
	at java.util.concurrent.FutureTask.run(FutureTask.java:266)
	at java.util.concurrent.ThreadPoolExecutor.runWorker(ThreadPoolExecutor.java:1149)
	at java.util.concurrent.ThreadPoolExecutor$Worker.run(ThreadPoolExecutor.java:624)
	at java.lang.Thread.run(Thread.java:748)
Caused by: java.lang.reflect.InvocationTargetException: null
	at sun.reflect.GeneratedMethodAccessor125.invoke(Unknown Source)
	at sun.reflect.DelegatingMethodAccessorImpl.invoke(DelegatingMethodAccessorImpl.java:43)
	at java.lang.reflect.Method.invoke(Method.java:498)
	at org.eclipse.lsp4j.jsonrpc.services.GenericEndpoint.lambda$null$0(GenericEndpoint.java:65)
	... 12 common frames omitted
Caused by: org.eclipse.core.runtime.OperationCanceledException: null
	at org.eclipse.core.internal.jobs.ThreadJob.waitForRun(ThreadJob.java:278)
	at org.eclipse.core.internal.jobs.ThreadJob.joinRun(ThreadJob.java:205)
	at org.eclipse.core.internal.jobs.ImplicitJobs.begin(ImplicitJobs.java:95)
	at org.eclipse.core.internal.jobs.JobManager.beginRule(JobManager.java:297)
	at org.eclipse.core.internal.resources.WorkManager.checkIn(WorkManager.java:124)
	at org.eclipse.core.internal.resources.Workspace.prepareOperation(Workspace.java:2243)
	at org.eclipse.core.internal.resources.Workspace.run(Workspace.java:2290)
	at org.eclipse.core.internal.resources.Workspace.run(Workspace.java:2317)
	at org.eclipse.lsp4e.operations.diagnostics.LSPDiagnosticsToMarkers.updateMarkers(LSPDiagnosticsToMarkers.java:162)
	at org.eclipse.lsp4e.operations.diagnostics.LSPDiagnosticsToMarkers.accept(LSPDiagnosticsToMarkers.java:83)
	at org.eclipse.lsp4e.LanguageClientImpl.publishDiagnostics(LanguageClientImpl.java:72)
	... 16 common frames omitted
2020-06-23 10:23:42 [pool-19-thread-1] WARN  jul - Notification threw an exception: {
  "jsonrpc": "2.0",
  "method": "textDocument/publishDiagnostics",
  "params": {
    "uri": "file:///C:/Users/magic/OneDrive/Desktop/esdebitami/retake_ai/src/main/java/it/esdebitamiretake/retake_ai/fileutils/FileChk.java",
    "diagnostics": []
  }
}
java.lang.RuntimeException: java.lang.reflect.InvocationTargetException
	at org.eclipse.lsp4j.jsonrpc.services.GenericEndpoint.lambda$null$0(GenericEndpoint.java:67)
	at org.eclipse.lsp4j.jsonrpc.services.GenericEndpoint.notify(GenericEndpoint.java:152)
	at org.eclipse.lsp4j.jsonrpc.RemoteEndpoint.handleNotification(RemoteEndpoint.java:220)
	at org.eclipse.lsp4j.jsonrpc.RemoteEndpoint.consume(RemoteEndpoint.java:187)
	at org.eclipse.lsp4e.LanguageServerWrapper.lambda$1(LanguageServerWrapper.java:245)
	at org.eclipse.lsp4j.jsonrpc.json.StreamMessageProducer.handleMessage(StreamMessageProducer.java:194)
	at org.eclipse.lsp4j.jsonrpc.json.StreamMessageProducer.listen(StreamMessageProducer.java:94)
	at org.eclipse.lsp4j.jsonrpc.json.ConcurrentMessageProcessor.run(ConcurrentMessageProcessor.java:113)
	at java.util.concurrent.Executors$RunnableAdapter.call(Executors.java:511)
	at java.util.concurrent.FutureTask.run(FutureTask.java:266)
	at java.util.concurrent.ThreadPoolExecutor.runWorker(ThreadPoolExecutor.java:1149)
	at java.util.concurrent.ThreadPoolExecutor$Worker.run(ThreadPoolExecutor.java:624)
	at java.lang.Thread.run(Thread.java:748)
Caused by: java.lang.reflect.InvocationTargetException: null
	at sun.reflect.GeneratedMethodAccessor125.invoke(Unknown Source)
	at sun.reflect.DelegatingMethodAccessorImpl.invoke(DelegatingMethodAccessorImpl.java:43)
	at java.lang.reflect.Method.invoke(Method.java:498)
	at org.eclipse.lsp4j.jsonrpc.services.GenericEndpoint.lambda$null$0(GenericEndpoint.java:65)
	... 12 common frames omitted
Caused by: org.eclipse.core.runtime.OperationCanceledException: null
	at org.eclipse.core.internal.jobs.ThreadJob.waitForRun(ThreadJob.java:278)
	at org.eclipse.core.internal.jobs.ThreadJob.joinRun(ThreadJob.java:205)
	at org.eclipse.core.internal.jobs.ImplicitJobs.begin(ImplicitJobs.java:95)
	at org.eclipse.core.internal.jobs.JobManager.beginRule(JobManager.java:297)
	at org.eclipse.core.internal.resources.WorkManager.checkIn(WorkManager.java:124)
	at org.eclipse.core.internal.resources.Workspace.prepareOperation(Workspace.java:2243)
	at org.eclipse.core.internal.resources.Workspace.run(Workspace.java:2290)
	at org.eclipse.core.internal.resources.Workspace.run(Workspace.java:2317)
	at org.eclipse.lsp4e.operations.diagnostics.LSPDiagnosticsToMarkers.updateMarkers(LSPDiagnosticsToMarkers.java:162)
	at org.eclipse.lsp4e.operations.diagnostics.LSPDiagnosticsToMarkers.accept(LSPDiagnosticsToMarkers.java:83)
	at org.eclipse.lsp4e.LanguageClientImpl.publishDiagnostics(LanguageClientImpl.java:72)
	... 16 common frames omitted
2020-06-23 10:26:18 [pool-28-thread-1] WARN  jul - Notification threw an exception: {
  "jsonrpc": "2.0",
  "method": "textDocument/publishDiagnostics",
  "params": {
    "uri": "file:///C:/Users/magic/OneDrive/Desktop/esdebitami/retake_ai/src/main/java/it/esdebitamiretake/retake_ai/service/TemplateService.java",
    "diagnostics": []
  }
}
java.lang.RuntimeException: java.lang.reflect.InvocationTargetException
	at org.eclipse.lsp4j.jsonrpc.services.GenericEndpoint.lambda$null$0(GenericEndpoint.java:67)
	at org.eclipse.lsp4j.jsonrpc.services.GenericEndpoint.notify(GenericEndpoint.java:152)
	at org.eclipse.lsp4j.jsonrpc.RemoteEndpoint.handleNotification(RemoteEndpoint.java:220)
	at org.eclipse.lsp4j.jsonrpc.RemoteEndpoint.consume(RemoteEndpoint.java:187)
	at org.eclipse.lsp4e.LanguageServerWrapper.lambda$1(LanguageServerWrapper.java:245)
	at org.eclipse.lsp4j.jsonrpc.json.StreamMessageProducer.handleMessage(StreamMessageProducer.java:194)
	at org.eclipse.lsp4j.jsonrpc.json.StreamMessageProducer.listen(StreamMessageProducer.java:94)
	at org.eclipse.lsp4j.jsonrpc.json.ConcurrentMessageProcessor.run(ConcurrentMessageProcessor.java:113)
	at java.util.concurrent.Executors$RunnableAdapter.call(Executors.java:511)
	at java.util.concurrent.FutureTask.run(FutureTask.java:266)
	at java.util.concurrent.ThreadPoolExecutor.runWorker(ThreadPoolExecutor.java:1149)
	at java.util.concurrent.ThreadPoolExecutor$Worker.run(ThreadPoolExecutor.java:624)
	at java.lang.Thread.run(Thread.java:748)
Caused by: java.lang.reflect.InvocationTargetException: null
	at sun.reflect.GeneratedMethodAccessor125.invoke(Unknown Source)
	at sun.reflect.DelegatingMethodAccessorImpl.invoke(DelegatingMethodAccessorImpl.java:43)
	at java.lang.reflect.Method.invoke(Method.java:498)
	at org.eclipse.lsp4j.jsonrpc.services.GenericEndpoint.lambda$null$0(GenericEndpoint.java:65)
	... 12 common frames omitted
Caused by: org.eclipse.core.runtime.OperationCanceledException: null
	at org.eclipse.core.internal.jobs.ThreadJob.waitForRun(ThreadJob.java:278)
	at org.eclipse.core.internal.jobs.ThreadJob.joinRun(ThreadJob.java:205)
	at org.eclipse.core.internal.jobs.ImplicitJobs.begin(ImplicitJobs.java:95)
	at org.eclipse.core.internal.jobs.JobManager.beginRule(JobManager.java:297)
	at org.eclipse.core.internal.resources.WorkManager.checkIn(WorkManager.java:124)
	at org.eclipse.core.internal.resources.Workspace.prepareOperation(Workspace.java:2243)
	at org.eclipse.core.internal.resources.Workspace.run(Workspace.java:2290)
	at org.eclipse.core.internal.resources.Workspace.run(Workspace.java:2317)
	at org.eclipse.lsp4e.operations.diagnostics.LSPDiagnosticsToMarkers.updateMarkers(LSPDiagnosticsToMarkers.java:162)
	at org.eclipse.lsp4e.operations.diagnostics.LSPDiagnosticsToMarkers.accept(LSPDiagnosticsToMarkers.java:83)
	at org.eclipse.lsp4e.LanguageClientImpl.publishDiagnostics(LanguageClientImpl.java:72)
	... 16 common frames omitted
2020-06-23 11:12:25 [pool-41-thread-1] WARN  jul - Notification threw an exception: {
  "jsonrpc": "2.0",
  "method": "textDocument/publishDiagnostics",
  "params": {
    "uri": "file:///C:/Users/magic/OneDrive/Desktop/esdebitami/retake_ai/src/main/java/it/esdebitamiretake/retake_ai/service/TemplateService.java",
    "diagnostics": []
  }
}
java.lang.RuntimeException: java.lang.reflect.InvocationTargetException
	at org.eclipse.lsp4j.jsonrpc.services.GenericEndpoint.lambda$null$0(GenericEndpoint.java:67)
	at org.eclipse.lsp4j.jsonrpc.services.GenericEndpoint.notify(GenericEndpoint.java:152)
	at org.eclipse.lsp4j.jsonrpc.RemoteEndpoint.handleNotification(RemoteEndpoint.java:220)
	at org.eclipse.lsp4j.jsonrpc.RemoteEndpoint.consume(RemoteEndpoint.java:187)
	at org.eclipse.lsp4e.LanguageServerWrapper.lambda$1(LanguageServerWrapper.java:245)
	at org.eclipse.lsp4j.jsonrpc.json.StreamMessageProducer.handleMessage(StreamMessageProducer.java:194)
	at org.eclipse.lsp4j.jsonrpc.json.StreamMessageProducer.listen(StreamMessageProducer.java:94)
	at org.eclipse.lsp4j.jsonrpc.json.ConcurrentMessageProcessor.run(ConcurrentMessageProcessor.java:113)
	at java.util.concurrent.Executors$RunnableAdapter.call(Executors.java:511)
	at java.util.concurrent.FutureTask.run(FutureTask.java:266)
	at java.util.concurrent.ThreadPoolExecutor.runWorker(ThreadPoolExecutor.java:1149)
	at java.util.concurrent.ThreadPoolExecutor$Worker.run(ThreadPoolExecutor.java:624)
	at java.lang.Thread.run(Thread.java:748)
Caused by: java.lang.reflect.InvocationTargetException: null
	at sun.reflect.GeneratedMethodAccessor125.invoke(Unknown Source)
	at sun.reflect.DelegatingMethodAccessorImpl.invoke(DelegatingMethodAccessorImpl.java:43)
	at java.lang.reflect.Method.invoke(Method.java:498)
	at org.eclipse.lsp4j.jsonrpc.services.GenericEndpoint.lambda$null$0(GenericEndpoint.java:65)
	... 12 common frames omitted
Caused by: org.eclipse.core.runtime.OperationCanceledException: null
	at org.eclipse.core.internal.jobs.ThreadJob.waitForRun(ThreadJob.java:278)
	at org.eclipse.core.internal.jobs.ThreadJob.joinRun(ThreadJob.java:205)
	at org.eclipse.core.internal.jobs.ImplicitJobs.begin(ImplicitJobs.java:95)
	at org.eclipse.core.internal.jobs.JobManager.beginRule(JobManager.java:297)
	at org.eclipse.core.internal.resources.WorkManager.checkIn(WorkManager.java:124)
	at org.eclipse.core.internal.resources.Workspace.prepareOperation(Workspace.java:2243)
	at org.eclipse.core.internal.resources.Workspace.run(Workspace.java:2290)
	at org.eclipse.core.internal.resources.Workspace.run(Workspace.java:2317)
	at org.eclipse.lsp4e.operations.diagnostics.LSPDiagnosticsToMarkers.updateMarkers(LSPDiagnosticsToMarkers.java:162)
	at org.eclipse.lsp4e.operations.diagnostics.LSPDiagnosticsToMarkers.accept(LSPDiagnosticsToMarkers.java:83)
	at org.eclipse.lsp4e.LanguageClientImpl.publishDiagnostics(LanguageClientImpl.java:72)
	... 16 common frames omitted
2020-06-23 11:37:20 [pool-45-thread-1] WARN  jul - Notification threw an exception: {
  "jsonrpc": "2.0",
  "method": "textDocument/publishDiagnostics",
  "params": {
    "uri": "file:///C:/Users/magic/OneDrive/Desktop/esdebitami/esdebitami_retake_ir/src/main/java/it/esdebitamiretake/retake_ir/controller/UnauthorizedException.java",
    "diagnostics": []
  }
}
java.lang.RuntimeException: java.lang.reflect.InvocationTargetException
	at org.eclipse.lsp4j.jsonrpc.services.GenericEndpoint.lambda$null$0(GenericEndpoint.java:67)
	at org.eclipse.lsp4j.jsonrpc.services.GenericEndpoint.notify(GenericEndpoint.java:152)
	at org.eclipse.lsp4j.jsonrpc.RemoteEndpoint.handleNotification(RemoteEndpoint.java:220)
	at org.eclipse.lsp4j.jsonrpc.RemoteEndpoint.consume(RemoteEndpoint.java:187)
	at org.eclipse.lsp4e.LanguageServerWrapper.lambda$1(LanguageServerWrapper.java:245)
	at org.eclipse.lsp4j.jsonrpc.json.StreamMessageProducer.handleMessage(StreamMessageProducer.java:194)
	at org.eclipse.lsp4j.jsonrpc.json.StreamMessageProducer.listen(StreamMessageProducer.java:94)
	at org.eclipse.lsp4j.jsonrpc.json.ConcurrentMessageProcessor.run(ConcurrentMessageProcessor.java:113)
	at java.util.concurrent.Executors$RunnableAdapter.call(Executors.java:511)
	at java.util.concurrent.FutureTask.run(FutureTask.java:266)
	at java.util.concurrent.ThreadPoolExecutor.runWorker(ThreadPoolExecutor.java:1149)
	at java.util.concurrent.ThreadPoolExecutor$Worker.run(ThreadPoolExecutor.java:624)
	at java.lang.Thread.run(Thread.java:748)
Caused by: java.lang.reflect.InvocationTargetException: null
	at sun.reflect.GeneratedMethodAccessor225.invoke(Unknown Source)
	at sun.reflect.DelegatingMethodAccessorImpl.invoke(DelegatingMethodAccessorImpl.java:43)
	at java.lang.reflect.Method.invoke(Method.java:498)
	at org.eclipse.lsp4j.jsonrpc.services.GenericEndpoint.lambda$null$0(GenericEndpoint.java:65)
	... 12 common frames omitted
Caused by: org.eclipse.core.runtime.OperationCanceledException: null
	at org.eclipse.core.internal.jobs.ThreadJob.waitForRun(ThreadJob.java:278)
	at org.eclipse.core.internal.jobs.ThreadJob.joinRun(ThreadJob.java:205)
	at org.eclipse.core.internal.jobs.ImplicitJobs.begin(ImplicitJobs.java:95)
	at org.eclipse.core.internal.jobs.JobManager.beginRule(JobManager.java:297)
	at org.eclipse.core.internal.resources.WorkManager.checkIn(WorkManager.java:124)
	at org.eclipse.core.internal.resources.Workspace.prepareOperation(Workspace.java:2243)
	at org.eclipse.core.internal.resources.Workspace.run(Workspace.java:2290)
	at org.eclipse.core.internal.resources.Workspace.run(Workspace.java:2317)
	at org.eclipse.lsp4e.operations.diagnostics.LSPDiagnosticsToMarkers.updateMarkers(LSPDiagnosticsToMarkers.java:162)
	at org.eclipse.lsp4e.operations.diagnostics.LSPDiagnosticsToMarkers.accept(LSPDiagnosticsToMarkers.java:83)
	at org.eclipse.lsp4e.LanguageClientImpl.publishDiagnostics(LanguageClientImpl.java:72)
	... 16 common frames omitted
2020-06-23 11:37:54 [pool-48-thread-1] WARN  jul - Notification threw an exception: {
  "jsonrpc": "2.0",
  "method": "textDocument/publishDiagnostics",
  "params": {
    "uri": "file:///C:/Users/magic/OneDrive/Desktop/esdebitami/esdebitami_retake_ir/src/main/java/it/esdebitamiretake/retake_ir/repo/TemplateRepository.java",
    "diagnostics": []
  }
}
java.lang.RuntimeException: java.lang.reflect.InvocationTargetException
	at org.eclipse.lsp4j.jsonrpc.services.GenericEndpoint.lambda$null$0(GenericEndpoint.java:67)
	at org.eclipse.lsp4j.jsonrpc.services.GenericEndpoint.notify(GenericEndpoint.java:152)
	at org.eclipse.lsp4j.jsonrpc.RemoteEndpoint.handleNotification(RemoteEndpoint.java:220)
	at org.eclipse.lsp4j.jsonrpc.RemoteEndpoint.consume(RemoteEndpoint.java:187)
	at org.eclipse.lsp4e.LanguageServerWrapper.lambda$1(LanguageServerWrapper.java:245)
	at org.eclipse.lsp4j.jsonrpc.json.StreamMessageProducer.handleMessage(StreamMessageProducer.java:194)
	at org.eclipse.lsp4j.jsonrpc.json.StreamMessageProducer.listen(StreamMessageProducer.java:94)
	at org.eclipse.lsp4j.jsonrpc.json.ConcurrentMessageProcessor.run(ConcurrentMessageProcessor.java:113)
	at java.util.concurrent.Executors$RunnableAdapter.call(Executors.java:511)
	at java.util.concurrent.FutureTask.run(FutureTask.java:266)
	at java.util.concurrent.ThreadPoolExecutor.runWorker(ThreadPoolExecutor.java:1149)
	at java.util.concurrent.ThreadPoolExecutor$Worker.run(ThreadPoolExecutor.java:624)
	at java.lang.Thread.run(Thread.java:748)
Caused by: java.lang.reflect.InvocationTargetException: null
	at sun.reflect.GeneratedMethodAccessor225.invoke(Unknown Source)
	at sun.reflect.DelegatingMethodAccessorImpl.invoke(DelegatingMethodAccessorImpl.java:43)
	at java.lang.reflect.Method.invoke(Method.java:498)
	at org.eclipse.lsp4j.jsonrpc.services.GenericEndpoint.lambda$null$0(GenericEndpoint.java:65)
	... 12 common frames omitted
Caused by: org.eclipse.core.runtime.OperationCanceledException: null
	at org.eclipse.core.internal.jobs.ThreadJob.waitForRun(ThreadJob.java:278)
	at org.eclipse.core.internal.jobs.ThreadJob.joinRun(ThreadJob.java:205)
	at org.eclipse.core.internal.jobs.ImplicitJobs.begin(ImplicitJobs.java:95)
	at org.eclipse.core.internal.jobs.JobManager.beginRule(JobManager.java:297)
	at org.eclipse.core.internal.resources.WorkManager.checkIn(WorkManager.java:124)
	at org.eclipse.core.internal.resources.Workspace.prepareOperation(Workspace.java:2243)
	at org.eclipse.core.internal.resources.Workspace.run(Workspace.java:2290)
	at org.eclipse.core.internal.resources.Workspace.run(Workspace.java:2317)
	at org.eclipse.lsp4e.operations.diagnostics.LSPDiagnosticsToMarkers.updateMarkers(LSPDiagnosticsToMarkers.java:162)
	at org.eclipse.lsp4e.operations.diagnostics.LSPDiagnosticsToMarkers.accept(LSPDiagnosticsToMarkers.java:83)
	at org.eclipse.lsp4e.LanguageClientImpl.publishDiagnostics(LanguageClientImpl.java:72)
	... 16 common frames omitted
2020-06-23 11:38:50 [pool-50-thread-1] WARN  jul - Notification threw an exception: {
  "jsonrpc": "2.0",
  "method": "textDocument/publishDiagnostics",
  "params": {
    "uri": "file:///C:/Users/magic/OneDrive/Desktop/esdebitami/esdebitami_retake_ir/src/main/java/it/esdebitamiretake/retake_ir/search/lexical/Writer.java",
    "diagnostics": []
  }
}
java.lang.RuntimeException: java.lang.reflect.InvocationTargetException
	at org.eclipse.lsp4j.jsonrpc.services.GenericEndpoint.lambda$null$0(GenericEndpoint.java:67)
	at org.eclipse.lsp4j.jsonrpc.services.GenericEndpoint.notify(GenericEndpoint.java:152)
	at org.eclipse.lsp4j.jsonrpc.RemoteEndpoint.handleNotification(RemoteEndpoint.java:220)
	at org.eclipse.lsp4j.jsonrpc.RemoteEndpoint.consume(RemoteEndpoint.java:187)
	at org.eclipse.lsp4e.LanguageServerWrapper.lambda$1(LanguageServerWrapper.java:245)
	at org.eclipse.lsp4j.jsonrpc.json.StreamMessageProducer.handleMessage(StreamMessageProducer.java:194)
	at org.eclipse.lsp4j.jsonrpc.json.StreamMessageProducer.listen(StreamMessageProducer.java:94)
	at org.eclipse.lsp4j.jsonrpc.json.ConcurrentMessageProcessor.run(ConcurrentMessageProcessor.java:113)
	at java.util.concurrent.Executors$RunnableAdapter.call(Executors.java:511)
	at java.util.concurrent.FutureTask.run(FutureTask.java:266)
	at java.util.concurrent.ThreadPoolExecutor.runWorker(ThreadPoolExecutor.java:1149)
	at java.util.concurrent.ThreadPoolExecutor$Worker.run(ThreadPoolExecutor.java:624)
	at java.lang.Thread.run(Thread.java:748)
Caused by: java.lang.reflect.InvocationTargetException: null
	at sun.reflect.GeneratedMethodAccessor225.invoke(Unknown Source)
	at sun.reflect.DelegatingMethodAccessorImpl.invoke(DelegatingMethodAccessorImpl.java:43)
	at java.lang.reflect.Method.invoke(Method.java:498)
	at org.eclipse.lsp4j.jsonrpc.services.GenericEndpoint.lambda$null$0(GenericEndpoint.java:65)
	... 12 common frames omitted
Caused by: org.eclipse.core.runtime.OperationCanceledException: null
	at org.eclipse.core.internal.jobs.ThreadJob.waitForRun(ThreadJob.java:278)
	at org.eclipse.core.internal.jobs.ThreadJob.joinRun(ThreadJob.java:205)
	at org.eclipse.core.internal.jobs.ImplicitJobs.begin(ImplicitJobs.java:95)
	at org.eclipse.core.internal.jobs.JobManager.beginRule(JobManager.java:297)
	at org.eclipse.core.internal.resources.WorkManager.checkIn(WorkManager.java:124)
	at org.eclipse.core.internal.resources.Workspace.prepareOperation(Workspace.java:2243)
	at org.eclipse.core.internal.resources.Workspace.run(Workspace.java:2290)
	at org.eclipse.core.internal.resources.Workspace.run(Workspace.java:2317)
	at org.eclipse.lsp4e.operations.diagnostics.LSPDiagnosticsToMarkers.updateMarkers(LSPDiagnosticsToMarkers.java:162)
	at org.eclipse.lsp4e.operations.diagnostics.LSPDiagnosticsToMarkers.accept(LSPDiagnosticsToMarkers.java:83)
	at org.eclipse.lsp4e.LanguageClientImpl.publishDiagnostics(LanguageClientImpl.java:72)
	... 16 common frames omitted
2020-06-23 11:40:15 [pool-55-thread-1] WARN  jul - Notification threw an exception: {
  "jsonrpc": "2.0",
  "method": "textDocument/publishDiagnostics",
  "params": {
    "uri": "file:///C:/Users/magic/OneDrive/Desktop/esdebitami/esdebitami_retake_ir/src/main/java/it/esdebitamiretake/retale_ir/db/collection/Template.java",
    "diagnostics": []
  }
}
java.lang.RuntimeException: java.lang.reflect.InvocationTargetException
	at org.eclipse.lsp4j.jsonrpc.services.GenericEndpoint.lambda$null$0(GenericEndpoint.java:67)
	at org.eclipse.lsp4j.jsonrpc.services.GenericEndpoint.notify(GenericEndpoint.java:152)
	at org.eclipse.lsp4j.jsonrpc.RemoteEndpoint.handleNotification(RemoteEndpoint.java:220)
	at org.eclipse.lsp4j.jsonrpc.RemoteEndpoint.consume(RemoteEndpoint.java:187)
	at org.eclipse.lsp4e.LanguageServerWrapper.lambda$1(LanguageServerWrapper.java:245)
	at org.eclipse.lsp4j.jsonrpc.json.StreamMessageProducer.handleMessage(StreamMessageProducer.java:194)
	at org.eclipse.lsp4j.jsonrpc.json.StreamMessageProducer.listen(StreamMessageProducer.java:94)
	at org.eclipse.lsp4j.jsonrpc.json.ConcurrentMessageProcessor.run(ConcurrentMessageProcessor.java:113)
	at java.util.concurrent.Executors$RunnableAdapter.call(Executors.java:511)
	at java.util.concurrent.FutureTask.run(FutureTask.java:266)
	at java.util.concurrent.ThreadPoolExecutor.runWorker(ThreadPoolExecutor.java:1149)
	at java.util.concurrent.ThreadPoolExecutor$Worker.run(ThreadPoolExecutor.java:624)
	at java.lang.Thread.run(Thread.java:748)
Caused by: java.lang.reflect.InvocationTargetException: null
	at sun.reflect.GeneratedMethodAccessor225.invoke(Unknown Source)
	at sun.reflect.DelegatingMethodAccessorImpl.invoke(DelegatingMethodAccessorImpl.java:43)
	at java.lang.reflect.Method.invoke(Method.java:498)
	at org.eclipse.lsp4j.jsonrpc.services.GenericEndpoint.lambda$null$0(GenericEndpoint.java:65)
	... 12 common frames omitted
Caused by: org.eclipse.core.runtime.OperationCanceledException: null
	at org.eclipse.core.internal.jobs.ThreadJob.waitForRun(ThreadJob.java:278)
	at org.eclipse.core.internal.jobs.ThreadJob.joinRun(ThreadJob.java:205)
	at org.eclipse.core.internal.jobs.ImplicitJobs.begin(ImplicitJobs.java:95)
	at org.eclipse.core.internal.jobs.JobManager.beginRule(JobManager.java:297)
	at org.eclipse.core.internal.resources.WorkManager.checkIn(WorkManager.java:124)
	at org.eclipse.core.internal.resources.Workspace.prepareOperation(Workspace.java:2243)
	at org.eclipse.core.internal.resources.Workspace.run(Workspace.java:2290)
	at org.eclipse.core.internal.resources.Workspace.run(Workspace.java:2317)
	at org.eclipse.lsp4e.operations.diagnostics.LSPDiagnosticsToMarkers.updateMarkers(LSPDiagnosticsToMarkers.java:162)
	at org.eclipse.lsp4e.operations.diagnostics.LSPDiagnosticsToMarkers.accept(LSPDiagnosticsToMarkers.java:83)
	at org.eclipse.lsp4e.LanguageClientImpl.publishDiagnostics(LanguageClientImpl.java:72)
	... 16 common frames omitted
2020-06-23 11:41:58 [pool-60-thread-1] WARN  jul - Notification threw an exception: {
  "jsonrpc": "2.0",
  "method": "textDocument/publishDiagnostics",
  "params": {
    "uri": "file:///C:/Users/magic/OneDrive/Desktop/esdebitami/esdebitami_retake_ir/src/main/java/it/esdebitamiretake/retake_ir/search/lexical/Writer.java",
    "diagnostics": []
  }
}
java.lang.RuntimeException: java.lang.reflect.InvocationTargetException
	at org.eclipse.lsp4j.jsonrpc.services.GenericEndpoint.lambda$null$0(GenericEndpoint.java:67)
	at org.eclipse.lsp4j.jsonrpc.services.GenericEndpoint.notify(GenericEndpoint.java:152)
	at org.eclipse.lsp4j.jsonrpc.RemoteEndpoint.handleNotification(RemoteEndpoint.java:220)
	at org.eclipse.lsp4j.jsonrpc.RemoteEndpoint.consume(RemoteEndpoint.java:187)
	at org.eclipse.lsp4e.LanguageServerWrapper.lambda$1(LanguageServerWrapper.java:245)
	at org.eclipse.lsp4j.jsonrpc.json.StreamMessageProducer.handleMessage(StreamMessageProducer.java:194)
	at org.eclipse.lsp4j.jsonrpc.json.StreamMessageProducer.listen(StreamMessageProducer.java:94)
	at org.eclipse.lsp4j.jsonrpc.json.ConcurrentMessageProcessor.run(ConcurrentMessageProcessor.java:113)
	at java.util.concurrent.Executors$RunnableAdapter.call(Executors.java:511)
	at java.util.concurrent.FutureTask.run(FutureTask.java:266)
	at java.util.concurrent.ThreadPoolExecutor.runWorker(ThreadPoolExecutor.java:1149)
	at java.util.concurrent.ThreadPoolExecutor$Worker.run(ThreadPoolExecutor.java:624)
	at java.lang.Thread.run(Thread.java:748)
Caused by: java.lang.reflect.InvocationTargetException: null
	at sun.reflect.GeneratedMethodAccessor225.invoke(Unknown Source)
	at sun.reflect.DelegatingMethodAccessorImpl.invoke(DelegatingMethodAccessorImpl.java:43)
	at java.lang.reflect.Method.invoke(Method.java:498)
	at org.eclipse.lsp4j.jsonrpc.services.GenericEndpoint.lambda$null$0(GenericEndpoint.java:65)
	... 12 common frames omitted
Caused by: org.eclipse.core.runtime.OperationCanceledException: null
	at org.eclipse.core.internal.jobs.ThreadJob.waitForRun(ThreadJob.java:278)
	at org.eclipse.core.internal.jobs.ThreadJob.joinRun(ThreadJob.java:205)
	at org.eclipse.core.internal.jobs.ImplicitJobs.begin(ImplicitJobs.java:95)
	at org.eclipse.core.internal.jobs.JobManager.beginRule(JobManager.java:297)
	at org.eclipse.core.internal.resources.WorkManager.checkIn(WorkManager.java:124)
	at org.eclipse.core.internal.resources.Workspace.prepareOperation(Workspace.java:2243)
	at org.eclipse.core.internal.resources.Workspace.run(Workspace.java:2290)
	at org.eclipse.core.internal.resources.Workspace.run(Workspace.java:2317)
	at org.eclipse.lsp4e.operations.diagnostics.LSPDiagnosticsToMarkers.updateMarkers(LSPDiagnosticsToMarkers.java:162)
	at org.eclipse.lsp4e.operations.diagnostics.LSPDiagnosticsToMarkers.accept(LSPDiagnosticsToMarkers.java:83)
	at org.eclipse.lsp4e.LanguageClientImpl.publishDiagnostics(LanguageClientImpl.java:72)
	... 16 common frames omitted
2020-06-23 11:53:27 [pool-63-thread-1] WARN  jul - Notification threw an exception: {
  "jsonrpc": "2.0",
  "method": "textDocument/publishDiagnostics",
  "params": {
    "uri": "file:///C:/Users/magic/OneDrive/Desktop/esdebitami/DatasetScraping/src/main/java/it/esdebitamiretake/retake_ir/scraping/rest/IRClient.java",
    "diagnostics": []
  }
}
java.lang.RuntimeException: java.lang.reflect.InvocationTargetException
	at org.eclipse.lsp4j.jsonrpc.services.GenericEndpoint.lambda$null$0(GenericEndpoint.java:67)
	at org.eclipse.lsp4j.jsonrpc.services.GenericEndpoint.notify(GenericEndpoint.java:152)
	at org.eclipse.lsp4j.jsonrpc.RemoteEndpoint.handleNotification(RemoteEndpoint.java:220)
	at org.eclipse.lsp4j.jsonrpc.RemoteEndpoint.consume(RemoteEndpoint.java:187)
	at org.eclipse.lsp4e.LanguageServerWrapper.lambda$1(LanguageServerWrapper.java:245)
	at org.eclipse.lsp4j.jsonrpc.json.StreamMessageProducer.handleMessage(StreamMessageProducer.java:194)
	at org.eclipse.lsp4j.jsonrpc.json.StreamMessageProducer.listen(StreamMessageProducer.java:94)
	at org.eclipse.lsp4j.jsonrpc.json.ConcurrentMessageProcessor.run(ConcurrentMessageProcessor.java:113)
	at java.util.concurrent.Executors$RunnableAdapter.call(Executors.java:511)
	at java.util.concurrent.FutureTask.run(FutureTask.java:266)
	at java.util.concurrent.ThreadPoolExecutor.runWorker(ThreadPoolExecutor.java:1149)
	at java.util.concurrent.ThreadPoolExecutor$Worker.run(ThreadPoolExecutor.java:624)
	at java.lang.Thread.run(Thread.java:748)
Caused by: java.lang.reflect.InvocationTargetException: null
	at sun.reflect.GeneratedMethodAccessor250.invoke(Unknown Source)
	at sun.reflect.DelegatingMethodAccessorImpl.invoke(DelegatingMethodAccessorImpl.java:43)
	at java.lang.reflect.Method.invoke(Method.java:498)
	at org.eclipse.lsp4j.jsonrpc.services.GenericEndpoint.lambda$null$0(GenericEndpoint.java:65)
	... 12 common frames omitted
Caused by: org.eclipse.core.runtime.OperationCanceledException: null
	at org.eclipse.core.internal.jobs.ThreadJob.waitForRun(ThreadJob.java:278)
	at org.eclipse.core.internal.jobs.ThreadJob.joinRun(ThreadJob.java:205)
	at org.eclipse.core.internal.jobs.ImplicitJobs.begin(ImplicitJobs.java:95)
	at org.eclipse.core.internal.jobs.JobManager.beginRule(JobManager.java:297)
	at org.eclipse.core.internal.resources.WorkManager.checkIn(WorkManager.java:124)
	at org.eclipse.core.internal.resources.Workspace.prepareOperation(Workspace.java:2243)
	at org.eclipse.core.internal.resources.Workspace.run(Workspace.java:2290)
	at org.eclipse.core.internal.resources.Workspace.run(Workspace.java:2317)
	at org.eclipse.lsp4e.operations.diagnostics.LSPDiagnosticsToMarkers.updateMarkers(LSPDiagnosticsToMarkers.java:162)
	at org.eclipse.lsp4e.operations.diagnostics.LSPDiagnosticsToMarkers.accept(LSPDiagnosticsToMarkers.java:83)
	at org.eclipse.lsp4e.LanguageClientImpl.publishDiagnostics(LanguageClientImpl.java:72)
	... 16 common frames omitted
