2020-06-19 09:45:06 [main] INFO  com.vvas.project.ir.SpringBootApp - Starting SpringBootApp on DESKTOP-PC12M6J with PID 1480 (C:\Users\magic\OneDrive\Desktop\parte_di_simone\vvas-ir\target\classes started by magic in C:\Users\magic\OneDrive\Desktop\parte_di_simone\vvas-ir)
2020-06-19 09:45:06 [main] INFO  com.vvas.project.ir.SpringBootApp - No active profile set, falling back to default profiles: default
2020-06-19 09:45:07 [main] INFO  o.s.d.r.c.RepositoryConfigurationDelegate - Bootstrapping Spring Data repositories in DEFAULT mode.
2020-06-19 09:45:07 [main] INFO  o.s.d.r.c.RepositoryConfigurationDelegate - Finished Spring Data repository scanning in 92ms. Found 4 repository interfaces.
2020-06-19 09:45:08 [main] INFO  o.s.c.s.PostProcessorRegistrationDelegate$BeanPostProcessorChecker - Bean 'org.springframework.ws.config.annotation.DelegatingWsConfiguration' of type [org.springframework.ws.config.annotation.DelegatingWsConfiguration$$EnhancerBySpringCGLIB$$ae09965] is not eligible for getting processed by all BeanPostProcessors (for example: not eligible for auto-proxying)
2020-06-19 09:45:08 [main] INFO  o.s.w.s.a.s.AnnotationActionEndpointMapping - Supporting [WS-Addressing August 2004, WS-Addressing 1.0]
2020-06-19 09:45:08 [main] INFO  o.s.b.w.e.tomcat.TomcatWebServer - Tomcat initialized with port(s): 8045 (http)
2020-06-19 09:45:08 [main] INFO  o.a.coyote.http11.Http11NioProtocol - Initializing ProtocolHandler ["http-nio-8045"]
2020-06-19 09:45:08 [main] INFO  o.a.catalina.core.StandardService - Starting service [Tomcat]
2020-06-19 09:45:08 [main] INFO  o.a.catalina.core.StandardEngine - Starting Servlet engine: [Apache Tomcat/9.0.27]
2020-06-19 09:45:08 [main] INFO  o.a.c.c.C.[.[localhost].[/vvas-ir] - Initializing Spring embedded WebApplicationContext
2020-06-19 09:45:08 [main] INFO  o.s.web.context.ContextLoader - Root WebApplicationContext: initialization completed in 2139 ms
2020-06-19 09:45:09 [main] INFO  org.mongodb.driver.cluster - Cluster created with settings {hosts=[localhost:27017], mode=SINGLE, requiredClusterType=UNKNOWN, serverSelectionTimeout='30000 ms', maxWaitQueueSize=500}
2020-06-19 09:45:09 [cluster-ClusterId{value='5eec6d057fc25f79db07529f', description='null'}-localhost:27017] INFO  org.mongodb.driver.connection - Opened connection [connectionId{localValue:1, serverValue:1}] to localhost:27017
2020-06-19 09:45:09 [cluster-ClusterId{value='5eec6d057fc25f79db07529f', description='null'}-localhost:27017] INFO  org.mongodb.driver.cluster - Monitor thread successfully connected to server with description ServerDescription{address=localhost:27017, type=STANDALONE, state=CONNECTED, ok=true, version=ServerVersion{versionList=[4, 2, 6]}, minWireVersion=0, maxWireVersion=8, maxDocumentSize=16777216, logicalSessionTimeoutMinutes=30, roundTripTimeNanos=2744600}
2020-06-19 09:45:09 [main] WARN  o.s.data.convert.CustomConversions - Registering converter from class java.time.LocalDateTime to class java.time.Instant as reading converter although it doesn't convert from a store-supported type! You might wanna check you annotation setup at the converter implementation.
2020-06-19 09:45:09 [main] WARN  o.s.data.convert.CustomConversions - Registering converter from class java.time.Instant to class java.time.LocalDateTime as reading converter although it doesn't convert from a store-supported type! You might wanna check you annotation setup at the converter implementation.
2020-06-19 09:45:09 [main] WARN  o.s.data.convert.CustomConversions - Registering converter from class java.time.LocalDateTime to class java.time.Instant as reading converter although it doesn't convert from a store-supported type! You might wanna check you annotation setup at the converter implementation.
2020-06-19 09:45:09 [main] WARN  o.s.data.convert.CustomConversions - Registering converter from class java.time.Instant to class java.time.LocalDateTime as reading converter although it doesn't convert from a store-supported type! You might wanna check you annotation setup at the converter implementation.
2020-06-19 09:45:09 [main] WARN  o.s.d.m.c.i.MongoPersistentEntityIndexCreator - Automatic index creation will be disabled by default as of Spring Data MongoDB 3.x.
	Please use 'MongoMappingContext#setAutoIndexCreation(boolean)' or override 'MongoConfigurationSupport#autoIndexCreation()' to be explicit.
	However, we recommend setting up indices manually in an application ready block. You may use index derivation there as well.

	> -----------------------------------------------------------------------------------------
	> @EventListener(ApplicationReadyEvent.class)
	> public void initIndicesAfterStartup() {
	>
	>     IndexOperations indexOps = mongoTemplate.indexOps(DomainType.class);
	>
	>     IndexResolver resolver = new MongoPersistentEntityIndexResolver(mongoMappingContext);
	>     resolver.resolveIndexFor(DomainType.class).forEach(indexOps::ensureIndex);
	> }
	> -----------------------------------------------------------------------------------------

2020-06-19 09:45:09 [main] INFO  org.mongodb.driver.connection - Opened connection [connectionId{localValue:2, serverValue:2}] to localhost:27017
2020-06-19 09:45:10 [main] INFO  s.d.s.w.PropertySourcedRequestMappingHandlerMapping - Mapped URL path [/v2/api-docs] onto method [springfox.documentation.swagger2.web.Swagger2Controller#getDocumentation(String, HttpServletRequest)]
2020-06-19 09:45:10 [main] INFO  o.s.s.c.ThreadPoolTaskExecutor - Initializing ExecutorService 'applicationTaskExecutor'
2020-06-19 09:45:10 [main] INFO  org.quartz.impl.StdSchedulerFactory - Using default implementation for ThreadExecutor
2020-06-19 09:45:10 [main] INFO  o.quartz.core.SchedulerSignalerImpl - Initialized Scheduler Signaller of type: class org.quartz.core.SchedulerSignalerImpl
2020-06-19 09:45:10 [main] INFO  org.quartz.core.QuartzScheduler - Quartz Scheduler v.2.3.2 created.
2020-06-19 09:45:10 [main] INFO  org.quartz.simpl.RAMJobStore - RAMJobStore initialized.
2020-06-19 09:45:10 [main] INFO  org.quartz.core.QuartzScheduler - Scheduler meta-data: Quartz Scheduler (v2.3.2) 'quartzScheduler' with instanceId 'NON_CLUSTERED'
  Scheduler class: 'org.quartz.core.QuartzScheduler' - running locally.
  NOT STARTED.
  Currently in standby mode.
  Number of jobs executed: 0
  Using thread pool 'org.quartz.simpl.SimpleThreadPool' - with 10 threads.
  Using job-store 'org.quartz.simpl.RAMJobStore' - which does not support persistence. and is not clustered.

2020-06-19 09:45:10 [main] INFO  org.quartz.impl.StdSchedulerFactory - Quartz scheduler 'quartzScheduler' initialized from an externally provided properties instance.
2020-06-19 09:45:10 [main] INFO  org.quartz.impl.StdSchedulerFactory - Quartz scheduler version: 2.3.2
2020-06-19 09:45:10 [main] INFO  org.quartz.core.QuartzScheduler - JobFactory set to: org.springframework.scheduling.quartz.SpringBeanJobFactory@25974207
2020-06-19 09:45:10 [main] INFO  s.d.s.w.p.DocumentationPluginsBootstrapper - Context refreshed
2020-06-19 09:45:10 [main] INFO  s.d.s.w.p.DocumentationPluginsBootstrapper - Found 1 custom documentation plugin(s)
2020-06-19 09:45:10 [main] INFO  s.d.s.w.s.ApiListingReferenceScanner - Scanning for api listing references
2020-06-19 09:45:10 [main] INFO  o.s.s.quartz.SchedulerFactoryBean - Starting Quartz Scheduler now
2020-06-19 09:45:10 [main] INFO  org.quartz.core.QuartzScheduler - Scheduler quartzScheduler_$_NON_CLUSTERED started.
2020-06-19 09:45:10 [main] INFO  o.a.coyote.http11.Http11NioProtocol - Starting ProtocolHandler ["http-nio-8045"]
2020-06-19 09:45:10 [main] INFO  o.s.b.w.e.tomcat.TomcatWebServer - Tomcat started on port(s): 8045 (http) with context path '/vvas-ir'
2020-06-19 09:45:10 [main] INFO  com.vvas.project.ir.SpringBootApp - Started SpringBootApp in 4.991 seconds (JVM running for 5.405)
2020-06-19 09:46:54 [http-nio-8045-exec-1] INFO  o.a.c.c.C.[.[localhost].[/vvas-ir] - Initializing Spring DispatcherServlet 'dispatcherServlet'
2020-06-19 09:46:54 [http-nio-8045-exec-1] INFO  o.s.web.servlet.DispatcherServlet - Initializing Servlet 'dispatcherServlet'
2020-06-19 09:46:54 [http-nio-8045-exec-1] INFO  o.s.web.servlet.DispatcherServlet - Completed initialization in 10 ms
2020-06-19 09:47:05 [http-nio-8045-exec-6] INFO  c.v.p.ir.controller.IRController - POST context [?]
2020-06-19 09:48:22 [http-nio-8045-exec-4] INFO  c.v.p.ir.controller.IRController - POST context [?]
2020-06-19 10:08:39 [main] INFO  com.vvas.project.ir.SpringBootApp - Starting SpringBootApp on DESKTOP-PC12M6J with PID 6724 (C:\Users\magic\OneDrive\Desktop\parte_di_simone\vvas-ir\target\classes started by magic in C:\Users\magic\OneDrive\Desktop\parte_di_simone\vvas-ir)
2020-06-19 10:08:39 [main] INFO  com.vvas.project.ir.SpringBootApp - No active profile set, falling back to default profiles: default
2020-06-19 10:08:40 [main] INFO  o.s.d.r.c.RepositoryConfigurationDelegate - Bootstrapping Spring Data repositories in DEFAULT mode.
2020-06-19 10:08:40 [main] INFO  o.s.d.r.c.RepositoryConfigurationDelegate - Finished Spring Data repository scanning in 74ms. Found 4 repository interfaces.
2020-06-19 10:08:41 [main] INFO  o.s.c.s.PostProcessorRegistrationDelegate$BeanPostProcessorChecker - Bean 'org.springframework.ws.config.annotation.DelegatingWsConfiguration' of type [org.springframework.ws.config.annotation.DelegatingWsConfiguration$$EnhancerBySpringCGLIB$$d5186fa1] is not eligible for getting processed by all BeanPostProcessors (for example: not eligible for auto-proxying)
2020-06-19 10:08:41 [main] INFO  o.s.w.s.a.s.AnnotationActionEndpointMapping - Supporting [WS-Addressing August 2004, WS-Addressing 1.0]
2020-06-19 10:08:41 [main] INFO  o.s.b.w.e.tomcat.TomcatWebServer - Tomcat initialized with port(s): 8045 (http)
2020-06-19 10:08:41 [main] INFO  o.a.coyote.http11.Http11NioProtocol - Initializing ProtocolHandler ["http-nio-8045"]
2020-06-19 10:08:41 [main] INFO  o.a.catalina.core.StandardService - Starting service [Tomcat]
2020-06-19 10:08:41 [main] INFO  o.a.catalina.core.StandardEngine - Starting Servlet engine: [Apache Tomcat/9.0.27]
2020-06-19 10:08:41 [main] INFO  o.a.c.c.C.[.[localhost].[/vvas-ir] - Initializing Spring embedded WebApplicationContext
2020-06-19 10:08:41 [main] INFO  o.s.web.context.ContextLoader - Root WebApplicationContext: initialization completed in 1778 ms
2020-06-19 10:08:42 [main] INFO  org.mongodb.driver.cluster - Cluster created with settings {hosts=[localhost:27017], mode=SINGLE, requiredClusterType=UNKNOWN, serverSelectionTimeout='30000 ms', maxWaitQueueSize=500}
2020-06-19 10:08:42 [cluster-ClusterId{value='5eec728a783e0d578a92c312', description='null'}-localhost:27017] INFO  org.mongodb.driver.connection - Opened connection [connectionId{localValue:1, serverValue:11}] to localhost:27017
2020-06-19 10:08:42 [cluster-ClusterId{value='5eec728a783e0d578a92c312', description='null'}-localhost:27017] INFO  org.mongodb.driver.cluster - Monitor thread successfully connected to server with description ServerDescription{address=localhost:27017, type=STANDALONE, state=CONNECTED, ok=true, version=ServerVersion{versionList=[4, 2, 6]}, minWireVersion=0, maxWireVersion=8, maxDocumentSize=16777216, logicalSessionTimeoutMinutes=30, roundTripTimeNanos=2232500}
2020-06-19 10:08:42 [main] WARN  o.s.data.convert.CustomConversions - Registering converter from class java.time.LocalDateTime to class java.time.Instant as reading converter although it doesn't convert from a store-supported type! You might wanna check you annotation setup at the converter implementation.
2020-06-19 10:08:42 [main] WARN  o.s.data.convert.CustomConversions - Registering converter from class java.time.Instant to class java.time.LocalDateTime as reading converter although it doesn't convert from a store-supported type! You might wanna check you annotation setup at the converter implementation.
2020-06-19 10:08:42 [main] WARN  o.s.data.convert.CustomConversions - Registering converter from class java.time.LocalDateTime to class java.time.Instant as reading converter although it doesn't convert from a store-supported type! You might wanna check you annotation setup at the converter implementation.
2020-06-19 10:08:42 [main] WARN  o.s.data.convert.CustomConversions - Registering converter from class java.time.Instant to class java.time.LocalDateTime as reading converter although it doesn't convert from a store-supported type! You might wanna check you annotation setup at the converter implementation.
2020-06-19 10:08:42 [main] WARN  o.s.d.m.c.i.MongoPersistentEntityIndexCreator - Automatic index creation will be disabled by default as of Spring Data MongoDB 3.x.
	Please use 'MongoMappingContext#setAutoIndexCreation(boolean)' or override 'MongoConfigurationSupport#autoIndexCreation()' to be explicit.
	However, we recommend setting up indices manually in an application ready block. You may use index derivation there as well.

	> -----------------------------------------------------------------------------------------
	> @EventListener(ApplicationReadyEvent.class)
	> public void initIndicesAfterStartup() {
	>
	>     IndexOperations indexOps = mongoTemplate.indexOps(DomainType.class);
	>
	>     IndexResolver resolver = new MongoPersistentEntityIndexResolver(mongoMappingContext);
	>     resolver.resolveIndexFor(DomainType.class).forEach(indexOps::ensureIndex);
	> }
	> -----------------------------------------------------------------------------------------

2020-06-19 10:08:42 [main] INFO  org.mongodb.driver.connection - Opened connection [connectionId{localValue:2, serverValue:12}] to localhost:27017
2020-06-19 10:08:43 [main] INFO  s.d.s.w.PropertySourcedRequestMappingHandlerMapping - Mapped URL path [/v2/api-docs] onto method [springfox.documentation.swagger2.web.Swagger2Controller#getDocumentation(String, HttpServletRequest)]
2020-06-19 10:08:43 [main] INFO  o.s.s.c.ThreadPoolTaskExecutor - Initializing ExecutorService 'applicationTaskExecutor'
2020-06-19 10:08:43 [main] INFO  org.quartz.impl.StdSchedulerFactory - Using default implementation for ThreadExecutor
2020-06-19 10:08:43 [main] INFO  o.quartz.core.SchedulerSignalerImpl - Initialized Scheduler Signaller of type: class org.quartz.core.SchedulerSignalerImpl
2020-06-19 10:08:43 [main] INFO  org.quartz.core.QuartzScheduler - Quartz Scheduler v.2.3.2 created.
2020-06-19 10:08:43 [main] INFO  org.quartz.simpl.RAMJobStore - RAMJobStore initialized.
2020-06-19 10:08:43 [main] INFO  org.quartz.core.QuartzScheduler - Scheduler meta-data: Quartz Scheduler (v2.3.2) 'quartzScheduler' with instanceId 'NON_CLUSTERED'
  Scheduler class: 'org.quartz.core.QuartzScheduler' - running locally.
  NOT STARTED.
  Currently in standby mode.
  Number of jobs executed: 0
  Using thread pool 'org.quartz.simpl.SimpleThreadPool' - with 10 threads.
  Using job-store 'org.quartz.simpl.RAMJobStore' - which does not support persistence. and is not clustered.

2020-06-19 10:08:43 [main] INFO  org.quartz.impl.StdSchedulerFactory - Quartz scheduler 'quartzScheduler' initialized from an externally provided properties instance.
2020-06-19 10:08:43 [main] INFO  org.quartz.impl.StdSchedulerFactory - Quartz scheduler version: 2.3.2
2020-06-19 10:08:43 [main] INFO  org.quartz.core.QuartzScheduler - JobFactory set to: org.springframework.scheduling.quartz.SpringBeanJobFactory@7db40fd5
2020-06-19 10:08:43 [main] INFO  s.d.s.w.p.DocumentationPluginsBootstrapper - Context refreshed
2020-06-19 10:08:43 [main] INFO  s.d.s.w.p.DocumentationPluginsBootstrapper - Found 1 custom documentation plugin(s)
2020-06-19 10:08:43 [main] INFO  s.d.s.w.s.ApiListingReferenceScanner - Scanning for api listing references
2020-06-19 10:08:43 [main] INFO  o.s.s.quartz.SchedulerFactoryBean - Starting Quartz Scheduler now
2020-06-19 10:08:43 [main] INFO  org.quartz.core.QuartzScheduler - Scheduler quartzScheduler_$_NON_CLUSTERED started.
2020-06-19 10:08:43 [main] INFO  o.a.coyote.http11.Http11NioProtocol - Starting ProtocolHandler ["http-nio-8045"]
2020-06-19 10:08:44 [main] INFO  o.s.b.w.e.tomcat.TomcatWebServer - Tomcat started on port(s): 8045 (http) with context path '/vvas-ir'
2020-06-19 10:08:44 [main] INFO  com.vvas.project.ir.SpringBootApp - Started SpringBootApp in 4.431 seconds (JVM running for 4.775)
2020-06-19 10:09:10 [http-nio-8045-exec-1] INFO  o.a.c.c.C.[.[localhost].[/vvas-ir] - Initializing Spring DispatcherServlet 'dispatcherServlet'
2020-06-19 10:09:10 [http-nio-8045-exec-1] INFO  o.s.web.servlet.DispatcherServlet - Initializing Servlet 'dispatcherServlet'
2020-06-19 10:09:10 [http-nio-8045-exec-1] INFO  o.s.web.servlet.DispatcherServlet - Completed initialization in 6 ms
2020-06-19 10:09:10 [http-nio-8045-exec-1] INFO  c.v.p.ir.controller.IRController - GET context [?]
2020-06-19 10:30:37 [main] INFO  com.vvas.project.ir.SpringBootApp - Starting SpringBootApp on DESKTOP-PC12M6J with PID 9864 (C:\Users\magic\OneDrive\Desktop\parte_di_simone\vvas-ir\target\classes started by magic in C:\Users\magic\OneDrive\Desktop\parte_di_simone\vvas-ir)
2020-06-19 10:30:37 [main] INFO  com.vvas.project.ir.SpringBootApp - No active profile set, falling back to default profiles: default
2020-06-19 10:30:38 [main] INFO  o.s.d.r.c.RepositoryConfigurationDelegate - Bootstrapping Spring Data repositories in DEFAULT mode.
2020-06-19 10:30:38 [main] INFO  o.s.d.r.c.RepositoryConfigurationDelegate - Finished Spring Data repository scanning in 84ms. Found 4 repository interfaces.
2020-06-19 10:30:39 [main] INFO  o.s.c.s.PostProcessorRegistrationDelegate$BeanPostProcessorChecker - Bean 'org.springframework.ws.config.annotation.DelegatingWsConfiguration' of type [org.springframework.ws.config.annotation.DelegatingWsConfiguration$$EnhancerBySpringCGLIB$$c28f5db9] is not eligible for getting processed by all BeanPostProcessors (for example: not eligible for auto-proxying)
2020-06-19 10:30:39 [main] INFO  o.s.w.s.a.s.AnnotationActionEndpointMapping - Supporting [WS-Addressing August 2004, WS-Addressing 1.0]
2020-06-19 10:30:39 [main] INFO  o.s.b.w.e.tomcat.TomcatWebServer - Tomcat initialized with port(s): 8045 (http)
2020-06-19 10:30:39 [main] INFO  o.a.coyote.http11.Http11NioProtocol - Initializing ProtocolHandler ["http-nio-8045"]
2020-06-19 10:30:39 [main] INFO  o.a.catalina.core.StandardService - Starting service [Tomcat]
2020-06-19 10:30:39 [main] INFO  o.a.catalina.core.StandardEngine - Starting Servlet engine: [Apache Tomcat/9.0.27]
2020-06-19 10:30:40 [main] INFO  o.a.c.c.C.[.[localhost].[/vvas-ir] - Initializing Spring embedded WebApplicationContext
2020-06-19 10:30:40 [main] INFO  o.s.web.context.ContextLoader - Root WebApplicationContext: initialization completed in 2073 ms
2020-06-19 10:30:40 [main] INFO  org.mongodb.driver.cluster - Cluster created with settings {hosts=[localhost:27017], mode=SINGLE, requiredClusterType=UNKNOWN, serverSelectionTimeout='30000 ms', maxWaitQueueSize=500}
2020-06-19 10:30:40 [cluster-ClusterId{value='5eec77b0eecb2c4b8f813171', description='null'}-localhost:27017] INFO  org.mongodb.driver.connection - Opened connection [connectionId{localValue:1, serverValue:17}] to localhost:27017
2020-06-19 10:30:40 [cluster-ClusterId{value='5eec77b0eecb2c4b8f813171', description='null'}-localhost:27017] INFO  org.mongodb.driver.cluster - Monitor thread successfully connected to server with description ServerDescription{address=localhost:27017, type=STANDALONE, state=CONNECTED, ok=true, version=ServerVersion{versionList=[4, 2, 6]}, minWireVersion=0, maxWireVersion=8, maxDocumentSize=16777216, logicalSessionTimeoutMinutes=30, roundTripTimeNanos=2277800}
2020-06-19 10:30:40 [main] WARN  o.s.data.convert.CustomConversions - Registering converter from class java.time.LocalDateTime to class java.time.Instant as reading converter although it doesn't convert from a store-supported type! You might wanna check you annotation setup at the converter implementation.
2020-06-19 10:30:40 [main] WARN  o.s.data.convert.CustomConversions - Registering converter from class java.time.Instant to class java.time.LocalDateTime as reading converter although it doesn't convert from a store-supported type! You might wanna check you annotation setup at the converter implementation.
2020-06-19 10:30:40 [main] WARN  o.s.data.convert.CustomConversions - Registering converter from class java.time.LocalDateTime to class java.time.Instant as reading converter although it doesn't convert from a store-supported type! You might wanna check you annotation setup at the converter implementation.
2020-06-19 10:30:40 [main] WARN  o.s.data.convert.CustomConversions - Registering converter from class java.time.Instant to class java.time.LocalDateTime as reading converter although it doesn't convert from a store-supported type! You might wanna check you annotation setup at the converter implementation.
2020-06-19 10:30:40 [main] WARN  o.s.d.m.c.i.MongoPersistentEntityIndexCreator - Automatic index creation will be disabled by default as of Spring Data MongoDB 3.x.
	Please use 'MongoMappingContext#setAutoIndexCreation(boolean)' or override 'MongoConfigurationSupport#autoIndexCreation()' to be explicit.
	However, we recommend setting up indices manually in an application ready block. You may use index derivation there as well.

	> -----------------------------------------------------------------------------------------
	> @EventListener(ApplicationReadyEvent.class)
	> public void initIndicesAfterStartup() {
	>
	>     IndexOperations indexOps = mongoTemplate.indexOps(DomainType.class);
	>
	>     IndexResolver resolver = new MongoPersistentEntityIndexResolver(mongoMappingContext);
	>     resolver.resolveIndexFor(DomainType.class).forEach(indexOps::ensureIndex);
	> }
	> -----------------------------------------------------------------------------------------

2020-06-19 10:30:40 [main] INFO  org.mongodb.driver.connection - Opened connection [connectionId{localValue:2, serverValue:18}] to localhost:27017
2020-06-19 10:30:41 [main] INFO  s.d.s.w.PropertySourcedRequestMappingHandlerMapping - Mapped URL path [/v2/api-docs] onto method [springfox.documentation.swagger2.web.Swagger2Controller#getDocumentation(String, HttpServletRequest)]
2020-06-19 10:30:41 [main] INFO  o.s.s.c.ThreadPoolTaskExecutor - Initializing ExecutorService 'applicationTaskExecutor'
2020-06-19 10:30:41 [main] INFO  org.quartz.impl.StdSchedulerFactory - Using default implementation for ThreadExecutor
2020-06-19 10:30:41 [main] INFO  o.quartz.core.SchedulerSignalerImpl - Initialized Scheduler Signaller of type: class org.quartz.core.SchedulerSignalerImpl
2020-06-19 10:30:41 [main] INFO  org.quartz.core.QuartzScheduler - Quartz Scheduler v.2.3.2 created.
2020-06-19 10:30:41 [main] INFO  org.quartz.simpl.RAMJobStore - RAMJobStore initialized.
2020-06-19 10:30:41 [main] INFO  org.quartz.core.QuartzScheduler - Scheduler meta-data: Quartz Scheduler (v2.3.2) 'quartzScheduler' with instanceId 'NON_CLUSTERED'
  Scheduler class: 'org.quartz.core.QuartzScheduler' - running locally.
  NOT STARTED.
  Currently in standby mode.
  Number of jobs executed: 0
  Using thread pool 'org.quartz.simpl.SimpleThreadPool' - with 10 threads.
  Using job-store 'org.quartz.simpl.RAMJobStore' - which does not support persistence. and is not clustered.

2020-06-19 10:30:41 [main] INFO  org.quartz.impl.StdSchedulerFactory - Quartz scheduler 'quartzScheduler' initialized from an externally provided properties instance.
2020-06-19 10:30:41 [main] INFO  org.quartz.impl.StdSchedulerFactory - Quartz scheduler version: 2.3.2
2020-06-19 10:30:41 [main] INFO  org.quartz.core.QuartzScheduler - JobFactory set to: org.springframework.scheduling.quartz.SpringBeanJobFactory@3830f918
2020-06-19 10:30:41 [main] INFO  s.d.s.w.p.DocumentationPluginsBootstrapper - Context refreshed
2020-06-19 10:30:41 [main] INFO  s.d.s.w.p.DocumentationPluginsBootstrapper - Found 1 custom documentation plugin(s)
2020-06-19 10:30:41 [main] INFO  s.d.s.w.s.ApiListingReferenceScanner - Scanning for api listing references
2020-06-19 10:30:42 [main] INFO  o.s.s.quartz.SchedulerFactoryBean - Starting Quartz Scheduler now
2020-06-19 10:30:42 [main] INFO  org.quartz.core.QuartzScheduler - Scheduler quartzScheduler_$_NON_CLUSTERED started.
2020-06-19 10:30:42 [main] INFO  o.a.coyote.http11.Http11NioProtocol - Starting ProtocolHandler ["http-nio-8045"]
2020-06-19 10:30:42 [main] INFO  o.s.b.w.e.tomcat.TomcatWebServer - Tomcat started on port(s): 8045 (http) with context path '/vvas-ir'
2020-06-19 10:30:42 [main] INFO  com.vvas.project.ir.SpringBootApp - Started SpringBootApp in 4.802 seconds (JVM running for 5.147)
2020-06-19 10:31:26 [http-nio-8045-exec-3] INFO  o.a.c.c.C.[.[localhost].[/vvas-ir] - Initializing Spring DispatcherServlet 'dispatcherServlet'
2020-06-19 10:31:26 [http-nio-8045-exec-3] INFO  o.s.web.servlet.DispatcherServlet - Initializing Servlet 'dispatcherServlet'
2020-06-19 10:31:26 [http-nio-8045-exec-3] INFO  o.s.web.servlet.DispatcherServlet - Completed initialization in 6 ms
2020-06-19 10:31:26 [http-nio-8045-exec-3] INFO  c.v.p.ir.controller.IRController - POST context [?]
2020-06-19 12:32:27 [main] INFO  com.vvas.project.ir.SpringBootApp - Starting SpringBootApp on DESKTOP-PC12M6J with PID 15456 (C:\Users\magic\OneDrive\Desktop\parte_di_simone\vvas-ir\target\classes started by magic in C:\Users\magic\OneDrive\Desktop\parte_di_simone\vvas-ir)
2020-06-19 12:32:27 [main] INFO  com.vvas.project.ir.SpringBootApp - No active profile set, falling back to default profiles: default
2020-06-19 12:32:29 [main] INFO  o.s.d.r.c.RepositoryConfigurationDelegate - Bootstrapping Spring Data repositories in DEFAULT mode.
2020-06-19 12:32:29 [main] INFO  o.s.d.r.c.RepositoryConfigurationDelegate - Finished Spring Data repository scanning in 230ms. Found 4 repository interfaces.
2020-06-19 12:32:29 [main] INFO  o.s.c.s.PostProcessorRegistrationDelegate$BeanPostProcessorChecker - Bean 'org.springframework.ws.config.annotation.DelegatingWsConfiguration' of type [org.springframework.ws.config.annotation.DelegatingWsConfiguration$$EnhancerBySpringCGLIB$$a5365841] is not eligible for getting processed by all BeanPostProcessors (for example: not eligible for auto-proxying)
2020-06-19 12:32:29 [main] INFO  o.s.w.s.a.s.AnnotationActionEndpointMapping - Supporting [WS-Addressing August 2004, WS-Addressing 1.0]
2020-06-19 12:32:30 [main] INFO  o.s.b.w.e.tomcat.TomcatWebServer - Tomcat initialized with port(s): 8045 (http)
2020-06-19 12:32:30 [main] INFO  o.a.coyote.http11.Http11NioProtocol - Initializing ProtocolHandler ["http-nio-8045"]
2020-06-19 12:32:30 [main] INFO  o.a.catalina.core.StandardService - Starting service [Tomcat]
2020-06-19 12:32:30 [main] INFO  o.a.catalina.core.StandardEngine - Starting Servlet engine: [Apache Tomcat/9.0.27]
2020-06-19 12:32:30 [main] INFO  o.a.c.c.C.[.[localhost].[/vvas-ir] - Initializing Spring embedded WebApplicationContext
2020-06-19 12:32:30 [main] INFO  o.s.web.context.ContextLoader - Root WebApplicationContext: initialization completed in 3031 ms
2020-06-19 12:32:31 [main] INFO  org.mongodb.driver.cluster - Cluster created with settings {hosts=[localhost:27017], mode=SINGLE, requiredClusterType=UNKNOWN, serverSelectionTimeout='30000 ms', maxWaitQueueSize=500}
2020-06-19 12:32:31 [cluster-ClusterId{value='5eec943fb5cdf32b63593ea8', description='null'}-localhost:27017] INFO  org.mongodb.driver.connection - Opened connection [connectionId{localValue:1, serverValue:3}] to localhost:27017
2020-06-19 12:32:31 [cluster-ClusterId{value='5eec943fb5cdf32b63593ea8', description='null'}-localhost:27017] INFO  org.mongodb.driver.cluster - Monitor thread successfully connected to server with description ServerDescription{address=localhost:27017, type=STANDALONE, state=CONNECTED, ok=true, version=ServerVersion{versionList=[4, 2, 6]}, minWireVersion=0, maxWireVersion=8, maxDocumentSize=16777216, logicalSessionTimeoutMinutes=30, roundTripTimeNanos=2956900}
2020-06-19 12:32:31 [main] WARN  o.s.data.convert.CustomConversions - Registering converter from class java.time.LocalDateTime to class java.time.Instant as reading converter although it doesn't convert from a store-supported type! You might wanna check you annotation setup at the converter implementation.
2020-06-19 12:32:31 [main] WARN  o.s.data.convert.CustomConversions - Registering converter from class java.time.Instant to class java.time.LocalDateTime as reading converter although it doesn't convert from a store-supported type! You might wanna check you annotation setup at the converter implementation.
2020-06-19 12:32:31 [main] WARN  o.s.data.convert.CustomConversions - Registering converter from class java.time.LocalDateTime to class java.time.Instant as reading converter although it doesn't convert from a store-supported type! You might wanna check you annotation setup at the converter implementation.
2020-06-19 12:32:31 [main] WARN  o.s.data.convert.CustomConversions - Registering converter from class java.time.Instant to class java.time.LocalDateTime as reading converter although it doesn't convert from a store-supported type! You might wanna check you annotation setup at the converter implementation.
2020-06-19 12:32:31 [main] WARN  o.s.d.m.c.i.MongoPersistentEntityIndexCreator - Automatic index creation will be disabled by default as of Spring Data MongoDB 3.x.
	Please use 'MongoMappingContext#setAutoIndexCreation(boolean)' or override 'MongoConfigurationSupport#autoIndexCreation()' to be explicit.
	However, we recommend setting up indices manually in an application ready block. You may use index derivation there as well.

	> -----------------------------------------------------------------------------------------
	> @EventListener(ApplicationReadyEvent.class)
	> public void initIndicesAfterStartup() {
	>
	>     IndexOperations indexOps = mongoTemplate.indexOps(DomainType.class);
	>
	>     IndexResolver resolver = new MongoPersistentEntityIndexResolver(mongoMappingContext);
	>     resolver.resolveIndexFor(DomainType.class).forEach(indexOps::ensureIndex);
	> }
	> -----------------------------------------------------------------------------------------

2020-06-19 12:32:31 [main] INFO  org.mongodb.driver.connection - Opened connection [connectionId{localValue:2, serverValue:4}] to localhost:27017
2020-06-19 12:32:32 [main] INFO  s.d.s.w.PropertySourcedRequestMappingHandlerMapping - Mapped URL path [/v2/api-docs] onto method [springfox.documentation.swagger2.web.Swagger2Controller#getDocumentation(String, HttpServletRequest)]
2020-06-19 12:32:32 [main] INFO  o.s.s.c.ThreadPoolTaskExecutor - Initializing ExecutorService 'applicationTaskExecutor'
2020-06-19 12:32:32 [main] INFO  org.quartz.impl.StdSchedulerFactory - Using default implementation for ThreadExecutor
2020-06-19 12:32:32 [main] INFO  o.quartz.core.SchedulerSignalerImpl - Initialized Scheduler Signaller of type: class org.quartz.core.SchedulerSignalerImpl
2020-06-19 12:32:32 [main] INFO  org.quartz.core.QuartzScheduler - Quartz Scheduler v.2.3.2 created.
2020-06-19 12:32:32 [main] INFO  org.quartz.simpl.RAMJobStore - RAMJobStore initialized.
2020-06-19 12:32:32 [main] INFO  org.quartz.core.QuartzScheduler - Scheduler meta-data: Quartz Scheduler (v2.3.2) 'quartzScheduler' with instanceId 'NON_CLUSTERED'
  Scheduler class: 'org.quartz.core.QuartzScheduler' - running locally.
  NOT STARTED.
  Currently in standby mode.
  Number of jobs executed: 0
  Using thread pool 'org.quartz.simpl.SimpleThreadPool' - with 10 threads.
  Using job-store 'org.quartz.simpl.RAMJobStore' - which does not support persistence. and is not clustered.

2020-06-19 12:32:32 [main] INFO  org.quartz.impl.StdSchedulerFactory - Quartz scheduler 'quartzScheduler' initialized from an externally provided properties instance.
2020-06-19 12:32:32 [main] INFO  org.quartz.impl.StdSchedulerFactory - Quartz scheduler version: 2.3.2
2020-06-19 12:32:32 [main] INFO  org.quartz.core.QuartzScheduler - JobFactory set to: org.springframework.scheduling.quartz.SpringBeanJobFactory@7e3236d
2020-06-19 12:32:32 [main] INFO  s.d.s.w.p.DocumentationPluginsBootstrapper - Context refreshed
2020-06-19 12:32:32 [main] INFO  s.d.s.w.p.DocumentationPluginsBootstrapper - Found 1 custom documentation plugin(s)
2020-06-19 12:32:32 [main] INFO  s.d.s.w.s.ApiListingReferenceScanner - Scanning for api listing references
2020-06-19 12:32:33 [main] INFO  o.s.s.quartz.SchedulerFactoryBean - Starting Quartz Scheduler now
2020-06-19 12:32:33 [main] INFO  org.quartz.core.QuartzScheduler - Scheduler quartzScheduler_$_NON_CLUSTERED started.
2020-06-19 12:32:33 [main] INFO  o.a.coyote.http11.Http11NioProtocol - Starting ProtocolHandler ["http-nio-8045"]
2020-06-19 12:32:33 [main] INFO  o.s.b.w.e.tomcat.TomcatWebServer - Tomcat started on port(s): 8045 (http) with context path '/vvas-ir'
2020-06-19 12:32:33 [main] INFO  com.vvas.project.ir.SpringBootApp - Started SpringBootApp in 6.143 seconds (JVM running for 6.683)
